<?xml version="1.0" encoding="UTF-8"?>
<testsuite xmlns:xsi="http://www.w3.org/2001/XMLSchema-instance" xsi:noNamespaceSchemaLocation="https://maven.apache.org/surefire/maven-surefire-plugin/xsd/surefire-test-report.xsd" version="3.0.2" name="org.springframework.samples.petclinic.MySqlIntegrationTests" time="139.459" tests="2" errors="0" skipped="0" failures="0" flakes="0">
  <properties>
[...]
</properties>
  <testcase name="findAll" classname="org.springframework.samples.petclinic.MySqlIntegrationTests" time="0.517">
    <system-out><![CDATA[19:33:16.783 [main] INFO org.testcontainers.DockerClientFactory -- Testcontainers version: 2.0.5
19:33:17.769 [main] INFO org.testcontainers.dockerclient.DockerClientProviderStrategy -- Found Docker environment with local Unix socket (unix:///var/run/docker.sock)
19:33:17.780 [main] INFO org.testcontainers.DockerClientFactory -- Docker host IP address is localhost
19:33:17.801 [main] INFO org.testcontainers.DockerClientFactory -- Connected to docker: 
  Server Version: 29.4.2
  API Version: 1.54
  Operating System: Fedora Linux 43 (WSL)
  Total Memory: 15864 MB
19:33:17.813 [main] INFO org.testcontainers.images.PullPolicy -- Image pull policy will be performed by: DefaultPullPolicy()
19:33:17.815 [main] INFO org.testcontainers.utility.ImageNameSubstitutor -- Image name substitution will be performed by: DefaultImageNameSubstitutor (composite of 'ConfigurationFileImageNameSubstitutor' and 'PrefixingImageNameSubstitutor')
19:33:17.974 [main] INFO tc.testcontainers/ryuk:0.14.0 -- Pulling docker image: testcontainers/ryuk:0.14.0. Please be patient; this may take some time but only needs to be done once.
19:33:20.373 [docker-java-stream--1464601222] INFO tc.testcontainers/ryuk:0.14.0 -- Starting to pull image
19:33:20.403 [docker-java-stream--1464601222] INFO tc.testcontainers/ryuk:0.14.0 -- Pulling image layers:  0 pending,  0 downloaded,  0 extracted, (0 bytes/0 bytes)
19:33:21.920 [docker-java-stream--1464601222] INFO tc.testcontainers/ryuk:0.14.0 -- Pulling image layers:  1 pending,  1 downloaded,  0 extracted, (0 bytes/? MB)
19:33:21.924 [docker-java-stream--1464601222] INFO tc.testcontainers/ryuk:0.14.0 -- Pulling image layers:  1 pending,  1 downloaded,  1 extracted, (0 bytes/? MB)
19:33:22.618 [docker-java-stream--1464601222] INFO tc.testcontainers/ryuk:0.14.0 -- Pulling image layers:  0 pending,  2 downloaded,  1 extracted, (1 MB/2 MB)
19:33:22.619 [docker-java-stream--1464601222] INFO tc.testcontainers/ryuk:0.14.0 -- Pulling image layers:  0 pending,  2 downloaded,  2 extracted, (1 MB/2 MB)
19:33:22.624 [docker-java-stream--1464601222] INFO tc.testcontainers/ryuk:0.14.0 -- Pull complete. 2 layers, pulled in 2s (downloaded 1 MB at 512 KB/s)
19:33:22.624 [main] INFO tc.testcontainers/ryuk:0.14.0 -- Image testcontainers/ryuk:0.14.0 pull took PT4.64972803S
19:33:22.671 [main] INFO tc.testcontainers/ryuk:0.14.0 -- Creating container for image: testcontainers/ryuk:0.14.0
19:33:22.793 [main] INFO tc.testcontainers/ryuk:0.14.0 -- Container testcontainers/ryuk:0.14.0 is starting: ab2a82d7d6be82239afd435de3068489161f3215b85bc5a946f7db4370b67d94
19:33:23.283 [main] INFO tc.testcontainers/ryuk:0.14.0 -- Container testcontainers/ryuk:0.14.0 started in PT0.611587846S
19:33:23.286 [main] INFO org.testcontainers.utility.RyukResourceReaper -- Ryuk started - will monitor and terminate Testcontainers containers on JVM exit
19:33:23.286 [main] INFO org.testcontainers.DockerClientFactory -- Checking the system...
19:33:23.287 [main] INFO org.testcontainers.DockerClientFactory -- ✔︎ Docker server version should be at least 1.6.0
19:33:23.401 [main] INFO org.springframework.test.context.support.AnnotationConfigContextLoaderUtils -- Could not detect default configuration classes for test class [org.springframework.samples.petclinic.MySqlIntegrationTests]: MySqlIntegrationTests does not declare any static, non-private, non-final, nested classes annotated with @Configuration.
19:33:23.425 [main] INFO tc.mysql:9.7 -- Pulling docker image: mysql:9.7. Please be patient; this may take some time but only needs to be done once.
19:33:25.035 [docker-java-stream--1598788139] INFO tc.mysql:9.7 -- Starting to pull image
19:33:25.036 [docker-java-stream--1598788139] INFO tc.mysql:9.7 -- Pulling image layers:  0 pending,  0 downloaded,  0 extracted, (0 bytes/0 bytes)
19:33:26.737 [docker-java-stream--1598788139] INFO tc.mysql:9.7 -- Pulling image layers: 10 pending,  1 downloaded,  0 extracted, (0 bytes/? MB)
19:33:26.837 [docker-java-stream--1598788139] INFO tc.mysql:9.7 -- Pulling image layers:  9 pending,  2 downloaded,  0 extracted, (0 bytes/? MB)
19:33:26.937 [docker-java-stream--1598788139] INFO tc.mysql:9.7 -- Pulling image layers:  8 pending,  3 downloaded,  0 extracted, (0 bytes/? MB)
19:33:26.939 [docker-java-stream--1598788139] INFO tc.mysql:9.7 -- Pulling image layers:  7 pending,  4 downloaded,  0 extracted, (0 bytes/? MB)
19:33:27.037 [docker-java-stream--1598788139] INFO tc.mysql:9.7 -- Pulling image layers:  6 pending,  5 downloaded,  0 extracted, (0 bytes/? MB)
19:33:27.038 [docker-java-stream--1598788139] INFO tc.mysql:9.7 -- Pulling image layers:  6 pending,  6 downloaded,  0 extracted, (1 MB/? MB)
19:33:28.337 [docker-java-stream--1598788139] INFO tc.mysql:9.7 -- Pulling image layers:  5 pending,  7 downloaded,  0 extracted, (3 MB/? MB)
19:33:35.636 [docker-java-stream--1598788139] INFO tc.mysql:9.7 -- Pulling image layers:  4 pending,  8 downloaded,  0 extracted, (20 MB/? MB)
19:33:45.237 [docker-java-stream--1598788139] INFO tc.mysql:9.7 -- Pulling image layers:  3 pending,  9 downloaded,  0 extracted, (40 MB/? MB)
19:34:33.634 [docker-java-stream--1598788139] INFO tc.mysql:9.7 -- Pulling image layers:  2 pending, 10 downloaded,  0 extracted, (137 MB/? MB)
19:34:34.345 [docker-java-stream--1598788139] INFO tc.mysql:9.7 -- Pulling image layers:  2 pending, 10 downloaded,  1 extracted, (140 MB/? MB)
19:34:34.438 [docker-java-stream--1598788139] INFO tc.mysql:9.7 -- Pulling image layers:  2 pending, 10 downloaded,  2 extracted, (140 MB/? MB)
19:34:34.441 [docker-java-stream--1598788139] INFO tc.mysql:9.7 -- Pulling image layers:  2 pending, 10 downloaded,  3 extracted, (140 MB/? MB)
19:34:34.535 [docker-java-stream--1598788139] INFO tc.mysql:9.7 -- Pulling image layers:  2 pending, 10 downloaded,  4 extracted, (140 MB/? MB)
19:34:34.539 [docker-java-stream--1598788139] INFO tc.mysql:9.7 -- Pulling image layers:  2 pending, 10 downloaded,  5 extracted, (140 MB/? MB)
19:34:34.540 [docker-java-stream--1598788139] INFO tc.mysql:9.7 -- Pulling image layers:  2 pending, 10 downloaded,  6 extracted, (140 MB/? MB)
19:34:50.235 [docker-java-stream--1598788139] INFO tc.mysql:9.7 -- Pulling image layers:  1 pending, 11 downloaded,  6 extracted, (201 MB/? MB)
19:34:50.840 [docker-java-stream--1598788139] INFO tc.mysql:9.7 -- Pulling image layers:  1 pending, 11 downloaded,  7 extracted, (203 MB/? MB)
19:34:50.842 [docker-java-stream--1598788139] INFO tc.mysql:9.7 -- Pulling image layers:  1 pending, 11 downloaded,  8 extracted, (203 MB/? MB)
19:35:09.234 [docker-java-stream--1598788139] INFO tc.mysql:9.7 -- Pulling image layers:  0 pending, 12 downloaded,  8 extracted, (270 MB/273 MB)
19:35:12.536 [docker-java-stream--1598788139] INFO tc.mysql:9.7 -- Pulling image layers:  0 pending, 12 downloaded,  9 extracted, (270 MB/273 MB)
19:35:12.559 [docker-java-stream--1598788139] INFO tc.mysql:9.7 -- Pulling image layers:  0 pending, 12 downloaded, 10 extracted, (270 MB/273 MB)
19:35:12.562 [docker-java-stream--1598788139] INFO tc.mysql:9.7 -- Pull complete. 12 layers, pulled in 107s (downloaded 270 MB at 2 MB/s)
19:35:12.562 [main] INFO tc.mysql:9.7 -- Image mysql:9.7 pull took PT1M49.136287023S
19:35:12.658 [main] INFO org.springframework.boot.test.context.SpringBootTestContextBootstrapper -- Found @SpringBootConfiguration org.springframework.samples.petclinic.PetClinicApplication for test class org.springframework.samples.petclinic.MySqlIntegrationTests
19:35:12.733 [main] INFO org.springframework.test.context.support.AnnotationConfigContextLoaderUtils -- Could not detect default configuration classes for test class [org.springframework.samples.petclinic.MySqlIntegrationTests]: MySqlIntegrationTests does not declare any static, non-private, non-final, nested classes annotated with @Configuration.
19:35:12.737 [main] INFO org.springframework.boot.test.context.SpringBootTestContextBootstrapper -- Found @SpringBootConfiguration org.springframework.samples.petclinic.PetClinicApplication for test class org.springframework.samples.petclinic.MySqlIntegrationTests
19:35:12.770 [main] INFO tc.mysql:9.7 -- Creating container for image: mysql:9.7
19:35:14.466 [main] INFO tc.mysql:9.7 -- Container mysql:9.7 is starting: e0a56904d195204e1573c1656dfa87d43ced2617ffd65ec3f4b33bdcebb1de51
19:35:14.761 [main] INFO tc.mysql:9.7 -- Waiting for database connection to become available at jdbc:mysql://localhost:32769/test using query 'SELECT 1'
19:35:25.087 [main] INFO tc.mysql:9.7 -- Container mysql:9.7 started in PT12.316653091S
19:35:25.087 [main] INFO tc.mysql:9.7 -- Container is started (JDBC URL: jdbc:mysql://localhost:32769/test)
19:35:25.128 [main] INFO org.springframework.boot.devtools.restart.RestartApplicationListener -- Restart disabled due to context in which it is running


              |\      _,,,--,,_
             /,`.-'`'   ._  \-;;,_
  _______ __|,4-  ) )_   .;.(__`'-'__     ___ __    _ ___ _______
 |       | '---''(_/._)-'(_\_)   |   |   |   |  |  | |   |       |
 |    _  |    ___|_     _|       |   |   |   |   |_| |   |       | __ _ _
 |   |_| |   |___  |   | |       |   |   |   |       |   |       | \ \ \ \
 |    ___|    ___| |   | |      _|   |___|   |  _    |   |      _|  \ \ \ \
 |   |   |   |___  |   | |     |_|       |   | | |   |   |     |_    ) ) ) )
 |___|   |_______| |___| |_______|_______|___|_|  |__|___|_______|  / / / /
 ==================================================================/_/_/_/

:: Built with Spring Boot :: 4.1.0


2026-09-09T19:35:25.393+03:00  INFO 2273 --- [           main] o.s.s.petclinic.MySqlIntegrationTests    : Starting MySqlIntegrationTests using Java 21.0.12.1 with PID 2273 (started by Bilge in /home/Bilge/projects/internship/case-study/app/spring-petclinic)
2026-09-09T19:35:25.394+03:00  INFO 2273 --- [           main] o.s.s.petclinic.MySqlIntegrationTests    : The following 1 profile is active: "mysql"
2026-09-09T19:35:26.155+03:00  INFO 2273 --- [           main] .s.d.r.c.RepositoryConfigurationDelegate : Bootstrapping Spring Data JPA repositories in DEFAULT mode.
2026-09-09T19:35:26.207+03:00  INFO 2273 --- [           main] .s.d.r.c.RepositoryConfigurationDelegate : Finished Spring Data repository scanning in 42 ms. Found 3 JPA repository interfaces.
2026-09-09T19:35:26.843+03:00  INFO 2273 --- [           main] o.s.boot.tomcat.TomcatWebServer          : Tomcat initialized with port 0 (http)
2026-09-09T19:35:26.858+03:00  INFO 2273 --- [           main] o.apache.catalina.core.StandardService   : Starting service [Tomcat]
2026-09-09T19:35:26.858+03:00  INFO 2273 --- [           main] o.apache.catalina.core.StandardEngine    : Starting Servlet engine: [Apache Tomcat/11.0.22]
2026-09-09T19:35:26.903+03:00  INFO 2273 --- [           main] b.w.c.s.WebApplicationContextInitializer : Root WebApplicationContext: initialization completed in 1483 ms
2026-09-09T19:35:27.123+03:00  INFO 2273 --- [           main] com.zaxxer.hikari.HikariDataSource       : HikariPool-1 - Starting...
2026-09-09T19:35:27.240+03:00  INFO 2273 --- [           main] com.zaxxer.hikari.pool.HikariPool        : HikariPool-1 - Added connection com.mysql.cj.jdbc.ConnectionImpl@abc67a
2026-09-09T19:35:27.241+03:00  INFO 2273 --- [           main] com.zaxxer.hikari.HikariDataSource       : HikariPool-1 - Start completed.
2026-09-09T19:35:27.792+03:00  INFO 2273 --- [           main] org.hibernate.orm.jpa                    : HHH008540: Processing PersistenceUnitInfo [name: default]
2026-09-09T19:35:27.857+03:00  INFO 2273 --- [           main] org.hibernate.orm.core                   : HHH000001: Hibernate ORM core version 7.4.1.Final
2026-09-09T19:35:28.301+03:00  INFO 2273 --- [           main] o.s.o.j.p.SpringPersistenceUnitInfo      : No LoadTimeWeaver setup: ignoring JPA class transformer
2026-09-09T19:35:28.409+03:00  INFO 2273 --- [           main] org.hibernate.orm.connections.pooling    : HHH10001005: Database info:
	Database JDBC URL [jdbc:mysql://localhost:32769/test]
	Database driver: MySQL Connector/J
	Database dialect: MySQLDialect
	Database version: 9.7.2
	Default catalog/schema: test/undefined
	Autocommit mode: undefined/unknown
	Isolation level: REPEATABLE_READ [default REPEATABLE_READ]
	JDBC fetch size: none
	Pool: DataSourceConnectionProvider
	Minimum pool size: undefined/unknown
	Maximum pool size: undefined/unknown
2026-09-09T19:35:29.390+03:00  INFO 2273 --- [           main] org.hibernate.orm.core                   : HHH000489: No JTA platform available (set 'hibernate.transaction.jta.platform' to enable JTA platform integration)
2026-09-09T19:35:29.396+03:00  INFO 2273 --- [           main] j.LocalContainerEntityManagerFactoryBean : Initialized JPA EntityManagerFactory for persistence unit 'default'
2026-09-09T19:35:29.414+03:00  INFO 2273 --- [           main] tc.mysql:9.7                             : Creating container for image: mysql:9.7
2026-09-09T19:35:29.536+03:00  INFO 2273 --- [           main] tc.mysql:9.7                             : Container mysql:9.7 is starting: 0c412d4377e8f2f177df15b63df0c83c90c251f3dfcc64f554756265788b6f27
2026-09-09T19:35:29.764+03:00  INFO 2273 --- [           main] tc.mysql:9.7                             : Waiting for database connection to become available at jdbc:mysql://localhost:32770/test using query 'SELECT 1'
2026-09-09T19:35:39.820+03:00  INFO 2273 --- [           main] tc.mysql:9.7                             : Container mysql:9.7 started in PT10.406009118S
2026-09-09T19:35:39.820+03:00  INFO 2273 --- [           main] tc.mysql:9.7                             : Container is started (JDBC URL: jdbc:mysql://localhost:32770/test)
2026-09-09T19:35:39.884+03:00  INFO 2273 --- [           main] o.s.d.j.r.query.QueryEnhancerFactories   : Hibernate is in classpath; If applicable, HQL parser will be used.
2026-09-09T19:35:41.081+03:00  INFO 2273 --- [           main] o.s.b.a.e.web.EndpointLinksResolver      : Exposing 13 endpoints beneath base path '/actuator'
2026-09-09T19:35:41.166+03:00  INFO 2273 --- [           main] o.s.boot.tomcat.TomcatWebServer          : Tomcat started on port 44657 (http) with context path '/'
2026-09-09T19:35:41.174+03:00  INFO 2273 --- [           main] o.s.s.petclinic.MySqlIntegrationTests    : Started MySqlIntegrationTests in 16.054 seconds (process running for 145.446)
]]></system-out>
    <system-err><![CDATA[Mockito is currently self-attaching to enable the inline-mock-maker. This will no longer work in future releases of the JDK. Please add Mockito as an agent to your build as described in Mockito's documentation: https://javadoc.io/doc/org.mockito/mockito-core/latest/org.mockito/org/mockito/Mockito.html#0.3
WARNING: A Java agent has been loaded dynamically (/home/Bilge/.m2/repository/net/bytebuddy/byte-buddy-agent/1.18.10/byte-buddy-agent-1.18.10.jar)
WARNING: If a serviceability tool is in use, please run with -XX:+EnableDynamicAgentLoading to hide this warning
WARNING: If a serviceability tool is not in use, please run with -Djdk.instrument.traceUsage for more information
WARNING: Dynamic loading of agents will be disallowed by default in a future release
]]></system-err>
  </testcase>
  <testcase name="ownerDetails" classname="org.springframework.samples.petclinic.MySqlIntegrationTests" time="0.628">
    <system-out><![CDATA[2026-09-09T19:35:41.939+03:00  INFO 2273 --- [o-auto-1-exec-1] o.a.c.c.C.[Tomcat].[localhost].[/]       : Initializing Spring DispatcherServlet 'dispatcherServlet'
2026-09-09T19:35:41.940+03:00  INFO 2273 --- [o-auto-1-exec-1] o.s.web.servlet.DispatcherServlet        : Initializing Servlet 'dispatcherServlet'
2026-09-09T19:35:41.941+03:00  INFO 2273 --- [o-auto-1-exec-1] o.s.web.servlet.DispatcherServlet        : Completed initialization in 1 ms
]]></system-out>
  </testcase>
</testsuite>