<?xml version="1.0" encoding="UTF-8"?>
<testsuite xmlns:xsi="http://www.w3.org/2001/XMLSchema-instance" xsi:noNamespaceSchemaLocation="https://maven.apache.org/surefire/maven-surefire-plugin/xsd/surefire-test-report.xsd" version="3.0.2" name="org.springframework.samples.petclinic.PostgresIntegrationTests" time="68.012" tests="2" errors="0" skipped="0" failures="0" flakes="0">
  <properties>
[...]
</properties>
  <testcase name="findAll" classname="org.springframework.samples.petclinic.PostgresIntegrationTests" time="0.029">
    <system-out><![CDATA[2026-09-09T19:35:48.355+03:00  INFO 2273 --- [           main] t.c.s.AnnotationConfigContextLoaderUtils : Could not detect default configuration classes for test class [org.springframework.samples.petclinic.PostgresIntegrationTests]: PostgresIntegrationTests does not declare any static, non-private, non-final, nested classes annotated with @Configuration.
2026-09-09T19:35:48.357+03:00  INFO 2273 --- [           main] .b.t.c.SpringBootTestContextBootstrapper : Found @SpringBootConfiguration org.springframework.samples.petclinic.PetClinicApplication for test class org.springframework.samples.petclinic.PostgresIntegrationTests
2026-09-09T19:35:48.358+03:00  INFO 2273 --- [           main] t.c.s.AnnotationConfigContextLoaderUtils : Could not detect default configuration classes for test class [org.springframework.samples.petclinic.PostgresIntegrationTests]: PostgresIntegrationTests does not declare any static, non-private, non-final, nested classes annotated with @Configuration.
2026-09-09T19:35:48.360+03:00  INFO 2273 --- [           main] .b.t.c.SpringBootTestContextBootstrapper : Found @SpringBootConfiguration org.springframework.samples.petclinic.PetClinicApplication for test class org.springframework.samples.petclinic.PostgresIntegrationTests
2026-09-09T19:35:48.364+03:00  INFO 2273 --- [           main] o.s.b.d.r.RestartApplicationListener     : Restart disabled due to context in which it is running


              |\      _,,,--,,_
             /,`.-'`'   ._  \-;;,_
  _______ __|,4-  ) )_   .;.(__`'-'__     ___ __    _ ___ _______
 |       | '---''(_/._)-'(_\_)   |   |   |   |  |  | |   |       |
 |    _  |    ___|_     _|       |   |   |   |   |_| |   |       | __ _ _
 |   |_| |   |___  |   | |       |   |   |   |       |   |       | \ \ \ \
 |    ___|    ___| |   | |      _|   |___|   |  _    |   |      _|  \ \ \ \
 |   |   |   |___  |   | |     |_|       |   | | |   |   |     |_    ) ) ) )
 |___|   |_______| |___| |_______|_______|___|_|  |__|___|_______|  / / / /
 ==================================================================/_/_/_/

:: Built with Spring Boot :: 4.1.0


2026-09-09T19:35:48.377+03:00  INFO 2273 --- [           main] o.s.s.p.PostgresIntegrationTests         : Starting PostgresIntegrationTests using Java 21.0.12.1 with PID 2273 (started by Bilge in /home/Bilge/projects/internship/case-study/app/spring-petclinic)
2026-09-09T19:35:48.377+03:00  INFO 2273 --- [           main] o.s.s.p.PostgresIntegrationTests         : The following 1 profile is active: "postgres"
2026-09-09T19:35:48.382+03:00  INFO 2273 --- [           main] .s.b.d.c.l.DockerComposeLifecycleManager : Using Docker Compose file /home/Bilge/projects/internship/case-study/app/spring-petclinic/docker-compose.yml
2026-09-09T19:35:49.042+03:00  INFO 2273 --- [utReader-stderr] o.s.boot.docker.compose.core.DockerCli   :  Image postgres:18.4 Pulling 
2026-09-09T19:35:52.290+03:00  INFO 2273 --- [utReader-stderr] o.s.boot.docker.compose.core.DockerCli   :  130549402290 Pulling fs layer 0B
2026-09-09T19:35:52.290+03:00  INFO 2273 --- [utReader-stderr] o.s.boot.docker.compose.core.DockerCli   :  f51baa0c6c0d Pulling fs layer 0B
2026-09-09T19:35:52.290+03:00  INFO 2273 --- [utReader-stderr] o.s.boot.docker.compose.core.DockerCli   :  38639b9be6a6 Pulling fs layer 0B
2026-09-09T19:35:52.290+03:00  INFO 2273 --- [utReader-stderr] o.s.boot.docker.compose.core.DockerCli   :  26c307b5e35a Pulling fs layer 0B
2026-09-09T19:35:52.290+03:00  INFO 2273 --- [utReader-stderr] o.s.boot.docker.compose.core.DockerCli   :  88bb22edda9b Pulling fs layer 0B
2026-09-09T19:35:52.290+03:00  INFO 2273 --- [utReader-stderr] o.s.boot.docker.compose.core.DockerCli   :  8241f4a14319 Pulling fs layer 0B
2026-09-09T19:35:52.290+03:00  INFO 2273 --- [utReader-stderr] o.s.boot.docker.compose.core.DockerCli   :  5db2b7edf527 Pulling fs layer 0B
2026-09-09T19:35:52.290+03:00  INFO 2273 --- [utReader-stderr] o.s.boot.docker.compose.core.DockerCli   :  f7d54729e84b Pulling fs layer 0B
2026-09-09T19:35:52.290+03:00  INFO 2273 --- [utReader-stderr] o.s.boot.docker.compose.core.DockerCli   :  f90dd111f2e5 Pulling fs layer 0B
2026-09-09T19:35:52.290+03:00  INFO 2273 --- [utReader-stderr] o.s.boot.docker.compose.core.DockerCli   :  4e6c52c74256 Pulling fs layer 0B
2026-09-09T19:35:52.290+03:00  INFO 2273 --- [utReader-stderr] o.s.boot.docker.compose.core.DockerCli   :  a4dcdc0137d7 Pulling fs layer 0B
2026-09-09T19:35:52.290+03:00  INFO 2273 --- [utReader-stderr] o.s.boot.docker.compose.core.DockerCli   :  39762d0b4bb2 Pulling fs layer 0B
2026-09-09T19:35:52.290+03:00  INFO 2273 --- [utReader-stderr] o.s.boot.docker.compose.core.DockerCli   :  d1052e262c2e Pulling fs layer 0B
2026-09-09T19:35:52.745+03:00  INFO 2273 --- [utReader-stderr] o.s.boot.docker.compose.core.DockerCli   :  5a143915fe2c Downloading 52.48kB
2026-09-09T19:35:52.845+03:00  INFO 2273 --- [utReader-stderr] o.s.boot.docker.compose.core.DockerCli   :  5a143915fe2c Download complete 0B
2026-09-09T19:35:52.945+03:00  INFO 2273 --- [utReader-stderr] o.s.boot.docker.compose.core.DockerCli   :  39762d0b4bb2 Download complete 0B
2026-09-09T19:35:53.045+03:00  INFO 2273 --- [utReader-stderr] o.s.boot.docker.compose.core.DockerCli   :  f7d54729e84b Download complete 0B
2026-09-09T19:35:53.244+03:00  INFO 2273 --- [utReader-stderr] o.s.boot.docker.compose.core.DockerCli   :  f51baa0c6c0d Download complete 0B
2026-09-09T19:35:53.444+03:00  INFO 2273 --- [utReader-stderr] o.s.boot.docker.compose.core.DockerCli   :  38639b9be6a6 Download complete 0B
2026-09-09T19:35:53.445+03:00  INFO 2273 --- [utReader-stderr] o.s.boot.docker.compose.core.DockerCli   :  88bb22edda9b Download complete 0B
2026-09-09T19:35:53.445+03:00  INFO 2273 --- [utReader-stderr] o.s.boot.docker.compose.core.DockerCli   :  5db2b7edf527 Download complete 0B
2026-09-09T19:35:53.446+03:00  INFO 2273 --- [utReader-stderr] o.s.boot.docker.compose.core.DockerCli   :  f90dd111f2e5 Download complete 0B
2026-09-09T19:35:53.644+03:00  INFO 2273 --- [utReader-stderr] o.s.boot.docker.compose.core.DockerCli   :  817fb2bde76e Downloading 1.049MB
2026-09-09T19:35:53.744+03:00  INFO 2273 --- [utReader-stderr] o.s.boot.docker.compose.core.DockerCli   :  817fb2bde76e Downloading 1.049MB
2026-09-09T19:35:53.847+03:00  INFO 2273 --- [utReader-stderr] o.s.boot.docker.compose.core.DockerCli   :  817fb2bde76e Downloading 1.049MB
2026-09-09T19:35:53.944+03:00  INFO 2273 --- [utReader-stderr] o.s.boot.docker.compose.core.DockerCli   :  817fb2bde76e Downloading 1.049MB
2026-09-09T19:35:54.044+03:00  INFO 2273 --- [utReader-stderr] o.s.boot.docker.compose.core.DockerCli   :  817fb2bde76e Downloading 1.049MB
2026-09-09T19:35:54.143+03:00  INFO 2273 --- [utReader-stderr] o.s.boot.docker.compose.core.DockerCli   :  817fb2bde76e Downloading 1.049MB
2026-09-09T19:35:54.244+03:00  INFO 2273 --- [utReader-stderr] o.s.boot.docker.compose.core.DockerCli   :  817fb2bde76e Downloading 1.049MB
2026-09-09T19:35:54.343+03:00  INFO 2273 --- [utReader-stderr] o.s.boot.docker.compose.core.DockerCli   :  817fb2bde76e Downloading 1.049MB
2026-09-09T19:35:54.344+03:00  INFO 2273 --- [utReader-stderr] o.s.boot.docker.compose.core.DockerCli   :  130549402290 Downloading 1.049MB
2026-09-09T19:35:54.444+03:00  INFO 2273 --- [utReader-stderr] o.s.boot.docker.compose.core.DockerCli   :  130549402290 Downloading 1.049MB
2026-09-09T19:35:54.444+03:00  INFO 2273 --- [utReader-stderr] o.s.boot.docker.compose.core.DockerCli   :  817fb2bde76e Downloading 1.049MB
2026-09-09T19:35:54.543+03:00  INFO 2273 --- [utReader-stderr] o.s.boot.docker.compose.core.DockerCli   :  817fb2bde76e Downloading 1.049MB
2026-09-09T19:35:54.544+03:00  INFO 2273 --- [utReader-stderr] o.s.boot.docker.compose.core.DockerCli   :  130549402290 Downloading 1.049MB
2026-09-09T19:35:54.644+03:00  INFO 2273 --- [utReader-stderr] o.s.boot.docker.compose.core.DockerCli   :  817fb2bde76e Downloading 1.049MB
2026-09-09T19:35:54.644+03:00  INFO 2273 --- [utReader-stderr] o.s.boot.docker.compose.core.DockerCli   :  130549402290 Downloading 1.049MB
2026-09-09T19:35:54.744+03:00  INFO 2273 --- [utReader-stderr] o.s.boot.docker.compose.core.DockerCli   :  817fb2bde76e Downloading 1.049MB
2026-09-09T19:35:54.744+03:00  INFO 2273 --- [utReader-stderr] o.s.boot.docker.compose.core.DockerCli   :  130549402290 Downloading 1.049MB
2026-09-09T19:35:54.844+03:00  INFO 2273 --- [utReader-stderr] o.s.boot.docker.compose.core.DockerCli   :  130549402290 Downloading 1.049MB
2026-09-09T19:35:54.845+03:00  INFO 2273 --- [utReader-stderr] o.s.boot.docker.compose.core.DockerCli   :  817fb2bde76e Downloading 1.049MB
2026-09-09T19:35:54.944+03:00  INFO 2273 --- [utReader-stderr] o.s.boot.docker.compose.core.DockerCli   :  817fb2bde76e Downloading 1.049MB
2026-09-09T19:35:54.944+03:00  INFO 2273 --- [utReader-stderr] o.s.boot.docker.compose.core.DockerCli   :  130549402290 Downloading 1.049MB
2026-09-09T19:35:55.044+03:00  INFO 2273 --- [utReader-stderr] o.s.boot.docker.compose.core.DockerCli   :  817fb2bde76e Downloading 1.049MB
2026-09-09T19:35:55.044+03:00  INFO 2273 --- [utReader-stderr] o.s.boot.docker.compose.core.DockerCli   :  130549402290 Downloading 1.049MB
2026-09-09T19:35:55.144+03:00  INFO 2273 --- [utReader-stderr] o.s.boot.docker.compose.core.DockerCli   :  130549402290 Downloading 1.049MB
2026-09-09T19:35:55.144+03:00  INFO 2273 --- [utReader-stderr] o.s.boot.docker.compose.core.DockerCli   :  817fb2bde76e Downloading 1.049MB
2026-09-09T19:35:55.244+03:00  INFO 2273 --- [utReader-stderr] o.s.boot.docker.compose.core.DockerCli   :  817fb2bde76e Downloading 1.049MB
2026-09-09T19:35:55.244+03:00  INFO 2273 --- [utReader-stderr] o.s.boot.docker.compose.core.DockerCli   :  130549402290 Downloading 1.049MB
2026-09-09T19:35:55.344+03:00  INFO 2273 --- [utReader-stderr] o.s.boot.docker.compose.core.DockerCli   :  817fb2bde76e Downloading 1.049MB
2026-09-09T19:35:55.344+03:00  INFO 2273 --- [utReader-stderr] o.s.boot.docker.compose.core.DockerCli   :  130549402290 Downloading 1.049MB
2026-09-09T19:35:55.443+03:00  INFO 2273 --- [utReader-stderr] o.s.boot.docker.compose.core.DockerCli   :  130549402290 Downloading 1.049MB
2026-09-09T19:35:55.444+03:00  INFO 2273 --- [utReader-stderr] o.s.boot.docker.compose.core.DockerCli   :  817fb2bde76e Downloading 1.049MB
2026-09-09T19:35:55.543+03:00  INFO 2273 --- [utReader-stderr] o.s.boot.docker.compose.core.DockerCli   :  817fb2bde76e Downloading 1.049MB
2026-09-09T19:35:55.544+03:00  INFO 2273 --- [utReader-stderr] o.s.boot.docker.compose.core.DockerCli   :  130549402290 Downloading 1.049MB
2026-09-09T19:35:55.645+03:00  INFO 2273 --- [utReader-stderr] o.s.boot.docker.compose.core.DockerCli   :  130549402290 Downloading 1.049MB
2026-09-09T19:35:55.645+03:00  INFO 2273 --- [utReader-stderr] o.s.boot.docker.compose.core.DockerCli   :  817fb2bde76e Downloading 1.049MB
2026-09-09T19:35:55.744+03:00  INFO 2273 --- [utReader-stderr] o.s.boot.docker.compose.core.DockerCli   :  130549402290 Downloading 1.049MB
2026-09-09T19:35:55.744+03:00  INFO 2273 --- [utReader-stderr] o.s.boot.docker.compose.core.DockerCli   :  817fb2bde76e Downloading 1.049MB
2026-09-09T19:35:55.843+03:00  INFO 2273 --- [utReader-stderr] o.s.boot.docker.compose.core.DockerCli   :  130549402290 Downloading 1.049MB
2026-09-09T19:35:55.844+03:00  INFO 2273 --- [utReader-stderr] o.s.boot.docker.compose.core.DockerCli   :  817fb2bde76e Downloading 1.049MB
2026-09-09T19:35:55.943+03:00  INFO 2273 --- [utReader-stderr] o.s.boot.docker.compose.core.DockerCli   :  130549402290 Downloading 1.049MB
2026-09-09T19:35:55.944+03:00  INFO 2273 --- [utReader-stderr] o.s.boot.docker.compose.core.DockerCli   :  817fb2bde76e Downloading 1.049MB
2026-09-09T19:35:56.043+03:00  INFO 2273 --- [utReader-stderr] o.s.boot.docker.compose.core.DockerCli   :  817fb2bde76e Downloading 2.097MB
2026-09-09T19:35:56.043+03:00  INFO 2273 --- [utReader-stderr] o.s.boot.docker.compose.core.DockerCli   :  130549402290 Downloading 1.049MB
2026-09-09T19:35:56.144+03:00  INFO 2273 --- [utReader-stderr] o.s.boot.docker.compose.core.DockerCli   :  817fb2bde76e Downloading 2.097MB
2026-09-09T19:35:56.144+03:00  INFO 2273 --- [utReader-stderr] o.s.boot.docker.compose.core.DockerCli   :  130549402290 Downloading 1.049MB
2026-09-09T19:35:56.244+03:00  INFO 2273 --- [utReader-stderr] o.s.boot.docker.compose.core.DockerCli   :  130549402290 Downloading 1.049MB
2026-09-09T19:35:56.244+03:00  INFO 2273 --- [utReader-stderr] o.s.boot.docker.compose.core.DockerCli   :  817fb2bde76e Downloading 2.097MB
2026-09-09T19:35:56.344+03:00  INFO 2273 --- [utReader-stderr] o.s.boot.docker.compose.core.DockerCli   :  817fb2bde76e Downloading 2.097MB
2026-09-09T19:35:56.344+03:00  INFO 2273 --- [utReader-stderr] o.s.boot.docker.compose.core.DockerCli   :  130549402290 Downloading 1.049MB
2026-09-09T19:35:56.445+03:00  INFO 2273 --- [utReader-stderr] o.s.boot.docker.compose.core.DockerCli   :  130549402290 Downloading 1.049MB
2026-09-09T19:35:56.445+03:00  INFO 2273 --- [utReader-stderr] o.s.boot.docker.compose.core.DockerCli   :  817fb2bde76e Downloading 2.097MB
2026-09-09T19:35:56.543+03:00  INFO 2273 --- [utReader-stderr] o.s.boot.docker.compose.core.DockerCli   :  817fb2bde76e Downloading 2.097MB
2026-09-09T19:35:56.544+03:00  INFO 2273 --- [utReader-stderr] o.s.boot.docker.compose.core.DockerCli   :  130549402290 Downloading 1.049MB
2026-09-09T19:35:56.644+03:00  INFO 2273 --- [utReader-stderr] o.s.boot.docker.compose.core.DockerCli   :  817fb2bde76e Downloading 2.097MB
2026-09-09T19:35:56.645+03:00  INFO 2273 --- [utReader-stderr] o.s.boot.docker.compose.core.DockerCli   :  130549402290 Downloading 1.049MB
2026-09-09T19:35:56.744+03:00  INFO 2273 --- [utReader-stderr] o.s.boot.docker.compose.core.DockerCli   :  817fb2bde76e Downloading 2.097MB
2026-09-09T19:35:56.745+03:00  INFO 2273 --- [utReader-stderr] o.s.boot.docker.compose.core.DockerCli   :  130549402290 Downloading 1.049MB
2026-09-09T19:35:56.844+03:00  INFO 2273 --- [utReader-stderr] o.s.boot.docker.compose.core.DockerCli   :  130549402290 Downloading 1.049MB
2026-09-09T19:35:56.845+03:00  INFO 2273 --- [utReader-stderr] o.s.boot.docker.compose.core.DockerCli   :  817fb2bde76e Downloading 2.097MB
2026-09-09T19:35:56.945+03:00  INFO 2273 --- [utReader-stderr] o.s.boot.docker.compose.core.DockerCli   :  130549402290 Downloading 2.097MB
2026-09-09T19:35:56.945+03:00  INFO 2273 --- [utReader-stderr] o.s.boot.docker.compose.core.DockerCli   :  817fb2bde76e Downloading 2.097MB
2026-09-09T19:35:57.044+03:00  INFO 2273 --- [utReader-stderr] o.s.boot.docker.compose.core.DockerCli   :  817fb2bde76e Downloading 2.097MB
2026-09-09T19:35:57.044+03:00  INFO 2273 --- [utReader-stderr] o.s.boot.docker.compose.core.DockerCli   :  130549402290 Downloading 2.097MB
2026-09-09T19:35:57.144+03:00  INFO 2273 --- [utReader-stderr] o.s.boot.docker.compose.core.DockerCli   :  130549402290 Downloading 2.097MB
2026-09-09T19:35:57.144+03:00  INFO 2273 --- [utReader-stderr] o.s.boot.docker.compose.core.DockerCli   :  817fb2bde76e Downloading 2.097MB
2026-09-09T19:35:57.245+03:00  INFO 2273 --- [utReader-stderr] o.s.boot.docker.compose.core.DockerCli   :  817fb2bde76e Downloading 2.097MB
2026-09-09T19:35:57.245+03:00  INFO 2273 --- [utReader-stderr] o.s.boot.docker.compose.core.DockerCli   :  130549402290 Downloading 2.097MB
2026-09-09T19:35:57.345+03:00  INFO 2273 --- [utReader-stderr] o.s.boot.docker.compose.core.DockerCli   :  817fb2bde76e Downloading 2.097MB
2026-09-09T19:35:57.345+03:00  INFO 2273 --- [utReader-stderr] o.s.boot.docker.compose.core.DockerCli   :  130549402290 Downloading 2.097MB
2026-09-09T19:35:57.443+03:00  INFO 2273 --- [utReader-stderr] o.s.boot.docker.compose.core.DockerCli   :  130549402290 Downloading 2.097MB
2026-09-09T19:35:57.444+03:00  INFO 2273 --- [utReader-stderr] o.s.boot.docker.compose.core.DockerCli   :  817fb2bde76e Downloading 2.097MB
2026-09-09T19:35:57.543+03:00  INFO 2273 --- [utReader-stderr] o.s.boot.docker.compose.core.DockerCli   :  130549402290 Downloading 2.097MB
2026-09-09T19:35:57.544+03:00  INFO 2273 --- [utReader-stderr] o.s.boot.docker.compose.core.DockerCli   :  817fb2bde76e Downloading 2.097MB
2026-09-09T19:35:57.644+03:00  INFO 2273 --- [utReader-stderr] o.s.boot.docker.compose.core.DockerCli   :  130549402290 Downloading 2.097MB
2026-09-09T19:35:57.644+03:00  INFO 2273 --- [utReader-stderr] o.s.boot.docker.compose.core.DockerCli   :  817fb2bde76e Downloading 2.097MB
2026-09-09T19:35:57.744+03:00  INFO 2273 --- [utReader-stderr] o.s.boot.docker.compose.core.DockerCli   :  130549402290 Downloading 2.097MB
2026-09-09T19:35:57.744+03:00  INFO 2273 --- [utReader-stderr] o.s.boot.docker.compose.core.DockerCli   :  817fb2bde76e Downloading 2.097MB
2026-09-09T19:35:57.844+03:00  INFO 2273 --- [utReader-stderr] o.s.boot.docker.compose.core.DockerCli   :  130549402290 Downloading 2.097MB
2026-09-09T19:35:57.844+03:00  INFO 2273 --- [utReader-stderr] o.s.boot.docker.compose.core.DockerCli   :  817fb2bde76e Downloading 2.097MB
2026-09-09T19:35:57.943+03:00  INFO 2273 --- [utReader-stderr] o.s.boot.docker.compose.core.DockerCli   :  817fb2bde76e Downloading 2.097MB
2026-09-09T19:35:57.944+03:00  INFO 2273 --- [utReader-stderr] o.s.boot.docker.compose.core.DockerCli   :  130549402290 Downloading 2.097MB
2026-09-09T19:35:58.044+03:00  INFO 2273 --- [utReader-stderr] o.s.boot.docker.compose.core.DockerCli   :  817fb2bde76e Downloading 2.097MB
2026-09-09T19:35:58.044+03:00  INFO 2273 --- [utReader-stderr] o.s.boot.docker.compose.core.DockerCli   :  4e6c52c74256 Downloading 1.049MB
2026-09-09T19:35:58.044+03:00  INFO 2273 --- [utReader-stderr] o.s.boot.docker.compose.core.DockerCli   :  130549402290 Downloading 2.097MB
2026-09-09T19:35:58.044+03:00  INFO 2273 --- [utReader-stderr] o.s.boot.docker.compose.core.DockerCli   :  a4dcdc0137d7 Downloading 1.049MB
2026-09-09T19:35:58.144+03:00  INFO 2273 --- [utReader-stderr] o.s.boot.docker.compose.core.DockerCli   :  a4dcdc0137d7 Downloading 1.049MB
2026-09-09T19:35:58.144+03:00  INFO 2273 --- [utReader-stderr] o.s.boot.docker.compose.core.DockerCli   :  817fb2bde76e Downloading 2.097MB
2026-09-09T19:35:58.144+03:00  INFO 2273 --- [utReader-stderr] o.s.boot.docker.compose.core.DockerCli   :  4e6c52c74256 Downloading 1.049MB
2026-09-09T19:35:58.144+03:00  INFO 2273 --- [utReader-stderr] o.s.boot.docker.compose.core.DockerCli   :  130549402290 Downloading 2.097MB
2026-09-09T19:35:58.243+03:00  INFO 2273 --- [utReader-stderr] o.s.boot.docker.compose.core.DockerCli   :  130549402290 Downloading 2.097MB
2026-09-09T19:35:58.244+03:00  INFO 2273 --- [utReader-stderr] o.s.boot.docker.compose.core.DockerCli   :  a4dcdc0137d7 Downloading 1.049MB
2026-09-09T19:35:58.244+03:00  INFO 2273 --- [utReader-stderr] o.s.boot.docker.compose.core.DockerCli   :  817fb2bde76e Downloading 2.097MB
2026-09-09T19:35:58.244+03:00  INFO 2273 --- [utReader-stderr] o.s.boot.docker.compose.core.DockerCli   :  d1052e262c2e Downloading 1.049MB
2026-09-09T19:35:58.244+03:00  INFO 2273 --- [utReader-stderr] o.s.boot.docker.compose.core.DockerCli   :  4e6c52c74256 Downloading 1.049MB
2026-09-09T19:35:58.344+03:00  INFO 2273 --- [utReader-stderr] o.s.boot.docker.compose.core.DockerCli   :  a4dcdc0137d7 Downloading 1.049MB
2026-09-09T19:35:58.345+03:00  INFO 2273 --- [utReader-stderr] o.s.boot.docker.compose.core.DockerCli   :  817fb2bde76e Downloading 2.097MB
2026-09-09T19:35:58.345+03:00  INFO 2273 --- [utReader-stderr] o.s.boot.docker.compose.core.DockerCli   :  8241f4a14319 Downloading 1.049MB
2026-09-09T19:35:58.345+03:00  INFO 2273 --- [utReader-stderr] o.s.boot.docker.compose.core.DockerCli   :  d1052e262c2e Downloading 1.049MB
2026-09-09T19:35:58.345+03:00  INFO 2273 --- [utReader-stderr] o.s.boot.docker.compose.core.DockerCli   :  4e6c52c74256 Downloading 1.049MB
2026-09-09T19:35:58.345+03:00  INFO 2273 --- [utReader-stderr] o.s.boot.docker.compose.core.DockerCli   :  130549402290 Downloading 2.097MB
2026-09-09T19:35:58.444+03:00  INFO 2273 --- [utReader-stderr] o.s.boot.docker.compose.core.DockerCli   :  d1052e262c2e Downloading 1.049MB
2026-09-09T19:35:58.444+03:00  INFO 2273 --- [utReader-stderr] o.s.boot.docker.compose.core.DockerCli   :  4e6c52c74256 Downloading 1.049MB
2026-09-09T19:35:58.444+03:00  INFO 2273 --- [utReader-stderr] o.s.boot.docker.compose.core.DockerCli   :  130549402290 Downloading 2.097MB
2026-09-09T19:35:58.445+03:00  INFO 2273 --- [utReader-stderr] o.s.boot.docker.compose.core.DockerCli   :  a4dcdc0137d7 Downloading 1.049MB
2026-09-09T19:35:58.445+03:00  INFO 2273 --- [utReader-stderr] o.s.boot.docker.compose.core.DockerCli   :  817fb2bde76e Downloading 2.097MB
2026-09-09T19:35:58.445+03:00  INFO 2273 --- [utReader-stderr] o.s.boot.docker.compose.core.DockerCli   :  8241f4a14319 Downloading 1.049MB
2026-09-09T19:35:58.543+03:00  INFO 2273 --- [utReader-stderr] o.s.boot.docker.compose.core.DockerCli   :  4e6c52c74256 Downloading 1.049MB
2026-09-09T19:35:58.544+03:00  INFO 2273 --- [utReader-stderr] o.s.boot.docker.compose.core.DockerCli   :  130549402290 Downloading 2.097MB
2026-09-09T19:35:58.544+03:00  INFO 2273 --- [utReader-stderr] o.s.boot.docker.compose.core.DockerCli   :  a4dcdc0137d7 Downloading 1.049MB
2026-09-09T19:35:58.544+03:00  INFO 2273 --- [utReader-stderr] o.s.boot.docker.compose.core.DockerCli   :  817fb2bde76e Downloading 2.097MB
2026-09-09T19:35:58.544+03:00  INFO 2273 --- [utReader-stderr] o.s.boot.docker.compose.core.DockerCli   :  8241f4a14319 Downloading 1.049MB
2026-09-09T19:35:58.544+03:00  INFO 2273 --- [utReader-stderr] o.s.boot.docker.compose.core.DockerCli   :  d1052e262c2e Downloading 1.049MB
2026-09-09T19:35:58.644+03:00  INFO 2273 --- [utReader-stderr] o.s.boot.docker.compose.core.DockerCli   :  d1052e262c2e Downloading 1.049MB
2026-09-09T19:35:58.644+03:00  INFO 2273 --- [utReader-stderr] o.s.boot.docker.compose.core.DockerCli   :  4e6c52c74256 Downloading 1.049MB
2026-09-09T19:35:58.644+03:00  INFO 2273 --- [utReader-stderr] o.s.boot.docker.compose.core.DockerCli   :  130549402290 Downloading 2.097MB
2026-09-09T19:35:58.644+03:00  INFO 2273 --- [utReader-stderr] o.s.boot.docker.compose.core.DockerCli   :  a4dcdc0137d7 Downloading 1.049MB
2026-09-09T19:35:58.644+03:00  INFO 2273 --- [utReader-stderr] o.s.boot.docker.compose.core.DockerCli   :  26c307b5e35a Downloading 1.049MB
2026-09-09T19:35:58.644+03:00  INFO 2273 --- [utReader-stderr] o.s.boot.docker.compose.core.DockerCli   :  817fb2bde76e Downloading 2.097MB
2026-09-09T19:35:58.644+03:00  INFO 2273 --- [utReader-stderr] o.s.boot.docker.compose.core.DockerCli   :  8241f4a14319 Downloading 1.049MB
2026-09-09T19:35:58.744+03:00  INFO 2273 --- [utReader-stderr] o.s.boot.docker.compose.core.DockerCli   :  817fb2bde76e Downloading 2.097MB
2026-09-09T19:35:58.745+03:00  INFO 2273 --- [utReader-stderr] o.s.boot.docker.compose.core.DockerCli   :  8241f4a14319 Downloading 1.049MB
2026-09-09T19:35:58.745+03:00  INFO 2273 --- [utReader-stderr] o.s.boot.docker.compose.core.DockerCli   :  d1052e262c2e Downloading 1.049MB
2026-09-09T19:35:58.745+03:00  INFO 2273 --- [utReader-stderr] o.s.boot.docker.compose.core.DockerCli   :  4e6c52c74256 Downloading 1.049MB
2026-09-09T19:35:58.745+03:00  INFO 2273 --- [utReader-stderr] o.s.boot.docker.compose.core.DockerCli   :  130549402290 Downloading 2.097MB
2026-09-09T19:35:58.745+03:00  INFO 2273 --- [utReader-stderr] o.s.boot.docker.compose.core.DockerCli   :  a4dcdc0137d7 Downloading 1.049MB
2026-09-09T19:35:58.745+03:00  INFO 2273 --- [utReader-stderr] o.s.boot.docker.compose.core.DockerCli   :  26c307b5e35a Downloading 1.049MB
2026-09-09T19:35:58.843+03:00  INFO 2273 --- [utReader-stderr] o.s.boot.docker.compose.core.DockerCli   :  130549402290 Downloading 2.097MB
2026-09-09T19:35:58.844+03:00  INFO 2273 --- [utReader-stderr] o.s.boot.docker.compose.core.DockerCli   :  a4dcdc0137d7 Downloading 1.049MB
2026-09-09T19:35:58.844+03:00  INFO 2273 --- [utReader-stderr] o.s.boot.docker.compose.core.DockerCli   :  26c307b5e35a Downloading 1.049MB
2026-09-09T19:35:58.844+03:00  INFO 2273 --- [utReader-stderr] o.s.boot.docker.compose.core.DockerCli   :  817fb2bde76e Downloading 2.097MB
2026-09-09T19:35:58.844+03:00  INFO 2273 --- [utReader-stderr] o.s.boot.docker.compose.core.DockerCli   :  8241f4a14319 Downloading 1.049MB
2026-09-09T19:35:58.844+03:00  INFO 2273 --- [utReader-stderr] o.s.boot.docker.compose.core.DockerCli   :  d1052e262c2e Downloading 1.049MB
2026-09-09T19:35:58.844+03:00  INFO 2273 --- [utReader-stderr] o.s.boot.docker.compose.core.DockerCli   :  4e6c52c74256 Downloading 1.049MB
2026-09-09T19:35:58.944+03:00  INFO 2273 --- [utReader-stderr] o.s.boot.docker.compose.core.DockerCli   :  130549402290 Downloading 2.097MB
2026-09-09T19:35:58.944+03:00  INFO 2273 --- [utReader-stderr] o.s.boot.docker.compose.core.DockerCli   :  a4dcdc0137d7 Downloading 1.049MB
2026-09-09T19:35:58.944+03:00  INFO 2273 --- [utReader-stderr] o.s.boot.docker.compose.core.DockerCli   :  26c307b5e35a Downloading 1.049MB
2026-09-09T19:35:58.944+03:00  INFO 2273 --- [utReader-stderr] o.s.boot.docker.compose.core.DockerCli   :  817fb2bde76e Downloading 2.097MB
2026-09-09T19:35:58.944+03:00  INFO 2273 --- [utReader-stderr] o.s.boot.docker.compose.core.DockerCli   :  8241f4a14319 Downloading 1.049MB
2026-09-09T19:35:58.944+03:00  INFO 2273 --- [utReader-stderr] o.s.boot.docker.compose.core.DockerCli   :  d1052e262c2e Downloading 1.312MB
2026-09-09T19:35:58.944+03:00  INFO 2273 --- [utReader-stderr] o.s.boot.docker.compose.core.DockerCli   :  4e6c52c74256 Downloading 1.049MB
2026-09-09T19:35:59.044+03:00  INFO 2273 --- [utReader-stderr] o.s.boot.docker.compose.core.DockerCli   :  8241f4a14319 Downloading 1.049MB
2026-09-09T19:35:59.045+03:00  INFO 2273 --- [utReader-stderr] o.s.boot.docker.compose.core.DockerCli   :  d1052e262c2e Download complete 0B
2026-09-09T19:35:59.045+03:00  INFO 2273 --- [utReader-stderr] o.s.boot.docker.compose.core.DockerCli   :  4e6c52c74256 Downloading 1.049MB
2026-09-09T19:35:59.045+03:00  INFO 2273 --- [utReader-stderr] o.s.boot.docker.compose.core.DockerCli   :  130549402290 Downloading 2.097MB
2026-09-09T19:35:59.045+03:00  INFO 2273 --- [utReader-stderr] o.s.boot.docker.compose.core.DockerCli   :  a4dcdc0137d7 Downloading 1.049MB
2026-09-09T19:35:59.045+03:00  INFO 2273 --- [utReader-stderr] o.s.boot.docker.compose.core.DockerCli   :  26c307b5e35a Downloading 1.049MB
2026-09-09T19:35:59.045+03:00  INFO 2273 --- [utReader-stderr] o.s.boot.docker.compose.core.DockerCli   :  817fb2bde76e Downloading 2.097MB
2026-09-09T19:35:59.144+03:00  INFO 2273 --- [utReader-stderr] o.s.boot.docker.compose.core.DockerCli   :  26c307b5e35a Downloading 1.049MB
2026-09-09T19:35:59.144+03:00  INFO 2273 --- [utReader-stderr] o.s.boot.docker.compose.core.DockerCli   :  817fb2bde76e Downloading 2.097MB
2026-09-09T19:35:59.144+03:00  INFO 2273 --- [utReader-stderr] o.s.boot.docker.compose.core.DockerCli   :  8241f4a14319 Downloading 1.049MB
2026-09-09T19:35:59.144+03:00  INFO 2273 --- [utReader-stderr] o.s.boot.docker.compose.core.DockerCli   :  4e6c52c74256 Downloading 1.049MB
2026-09-09T19:35:59.144+03:00  INFO 2273 --- [utReader-stderr] o.s.boot.docker.compose.core.DockerCli   :  130549402290 Downloading 2.097MB
2026-09-09T19:35:59.144+03:00  INFO 2273 --- [utReader-stderr] o.s.boot.docker.compose.core.DockerCli   :  a4dcdc0137d7 Downloading 1.049MB
2026-09-09T19:35:59.243+03:00  INFO 2273 --- [utReader-stderr] o.s.boot.docker.compose.core.DockerCli   :  26c307b5e35a Downloading 1.049MB
2026-09-09T19:35:59.244+03:00  INFO 2273 --- [utReader-stderr] o.s.boot.docker.compose.core.DockerCli   :  817fb2bde76e Downloading 2.097MB
2026-09-09T19:35:59.244+03:00  INFO 2273 --- [utReader-stderr] o.s.boot.docker.compose.core.DockerCli   :  8241f4a14319 Downloading 1.049MB
2026-09-09T19:35:59.244+03:00  INFO 2273 --- [utReader-stderr] o.s.boot.docker.compose.core.DockerCli   :  4e6c52c74256 Downloading 1.049MB
2026-09-09T19:35:59.244+03:00  INFO 2273 --- [utReader-stderr] o.s.boot.docker.compose.core.DockerCli   :  130549402290 Downloading 2.097MB
2026-09-09T19:35:59.244+03:00  INFO 2273 --- [utReader-stderr] o.s.boot.docker.compose.core.DockerCli   :  a4dcdc0137d7 Downloading 1.049MB
2026-09-09T19:35:59.344+03:00  INFO 2273 --- [utReader-stderr] o.s.boot.docker.compose.core.DockerCli   :  817fb2bde76e Downloading 2.097MB
2026-09-09T19:35:59.344+03:00  INFO 2273 --- [utReader-stderr] o.s.boot.docker.compose.core.DockerCli   :  8241f4a14319 Downloading 1.257MB
2026-09-09T19:35:59.344+03:00  INFO 2273 --- [utReader-stderr] o.s.boot.docker.compose.core.DockerCli   :  4e6c52c74256 Downloading 1.049MB
2026-09-09T19:35:59.344+03:00  INFO 2273 --- [utReader-stderr] o.s.boot.docker.compose.core.DockerCli   :  130549402290 Downloading 2.097MB
2026-09-09T19:35:59.344+03:00  INFO 2273 --- [utReader-stderr] o.s.boot.docker.compose.core.DockerCli   :  a4dcdc0137d7 Downloading 1.049MB
2026-09-09T19:35:59.344+03:00  INFO 2273 --- [utReader-stderr] o.s.boot.docker.compose.core.DockerCli   :  26c307b5e35a Downloading 1.049MB
2026-09-09T19:35:59.444+03:00  INFO 2273 --- [utReader-stderr] o.s.boot.docker.compose.core.DockerCli   :  8241f4a14319 Download complete 0B
2026-09-09T19:35:59.444+03:00  INFO 2273 --- [utReader-stderr] o.s.boot.docker.compose.core.DockerCli   :  4e6c52c74256 Downloading 1.049MB
2026-09-09T19:35:59.444+03:00  INFO 2273 --- [utReader-stderr] o.s.boot.docker.compose.core.DockerCli   :  130549402290 Downloading 2.097MB
2026-09-09T19:35:59.444+03:00  INFO 2273 --- [utReader-stderr] o.s.boot.docker.compose.core.DockerCli   :  a4dcdc0137d7 Downloading 1.049MB
2026-09-09T19:35:59.444+03:00  INFO 2273 --- [utReader-stderr] o.s.boot.docker.compose.core.DockerCli   :  26c307b5e35a Downloading 1.049MB
2026-09-09T19:35:59.444+03:00  INFO 2273 --- [utReader-stderr] o.s.boot.docker.compose.core.DockerCli   :  817fb2bde76e Downloading 2.097MB
2026-09-09T19:35:59.544+03:00  INFO 2273 --- [utReader-stderr] o.s.boot.docker.compose.core.DockerCli   :  130549402290 Downloading 2.097MB
2026-09-09T19:35:59.544+03:00  INFO 2273 --- [utReader-stderr] o.s.boot.docker.compose.core.DockerCli   :  a4dcdc0137d7 Downloading 1.049MB
2026-09-09T19:35:59.544+03:00  INFO 2273 --- [utReader-stderr] o.s.boot.docker.compose.core.DockerCli   :  26c307b5e35a Downloading 1.049MB
2026-09-09T19:35:59.545+03:00  INFO 2273 --- [utReader-stderr] o.s.boot.docker.compose.core.DockerCli   :  817fb2bde76e Downloading 2.097MB
2026-09-09T19:35:59.545+03:00  INFO 2273 --- [utReader-stderr] o.s.boot.docker.compose.core.DockerCli   :  4e6c52c74256 Downloading 1.049MB
2026-09-09T19:35:59.644+03:00  INFO 2273 --- [utReader-stderr] o.s.boot.docker.compose.core.DockerCli   :  4e6c52c74256 Downloading 1.049MB
2026-09-09T19:35:59.645+03:00  INFO 2273 --- [utReader-stderr] o.s.boot.docker.compose.core.DockerCli   :  130549402290 Downloading 2.097MB
2026-09-09T19:35:59.645+03:00  INFO 2273 --- [utReader-stderr] o.s.boot.docker.compose.core.DockerCli   :  a4dcdc0137d7 Downloading 1.049MB
2026-09-09T19:35:59.645+03:00  INFO 2273 --- [utReader-stderr] o.s.boot.docker.compose.core.DockerCli   :  26c307b5e35a Downloading 1.049MB
2026-09-09T19:35:59.645+03:00  INFO 2273 --- [utReader-stderr] o.s.boot.docker.compose.core.DockerCli   :  817fb2bde76e Downloading 2.097MB
2026-09-09T19:35:59.744+03:00  INFO 2273 --- [utReader-stderr] o.s.boot.docker.compose.core.DockerCli   :  4e6c52c74256 Downloading 1.049MB
2026-09-09T19:35:59.744+03:00  INFO 2273 --- [utReader-stderr] o.s.boot.docker.compose.core.DockerCli   :  130549402290 Downloading 2.097MB
2026-09-09T19:35:59.744+03:00  INFO 2273 --- [utReader-stderr] o.s.boot.docker.compose.core.DockerCli   :  a4dcdc0137d7 Downloading 1.049MB
2026-09-09T19:35:59.744+03:00  INFO 2273 --- [utReader-stderr] o.s.boot.docker.compose.core.DockerCli   :  26c307b5e35a Downloading 1.049MB
2026-09-09T19:35:59.745+03:00  INFO 2273 --- [utReader-stderr] o.s.boot.docker.compose.core.DockerCli   :  817fb2bde76e Downloading 2.097MB
2026-09-09T19:35:59.844+03:00  INFO 2273 --- [utReader-stderr] o.s.boot.docker.compose.core.DockerCli   :  817fb2bde76e Downloading 3.146MB
2026-09-09T19:35:59.844+03:00  INFO 2273 --- [utReader-stderr] o.s.boot.docker.compose.core.DockerCli   :  4e6c52c74256 Downloading 1.049MB
2026-09-09T19:35:59.844+03:00  INFO 2273 --- [utReader-stderr] o.s.boot.docker.compose.core.DockerCli   :  130549402290 Downloading 2.097MB
2026-09-09T19:35:59.844+03:00  INFO 2273 --- [utReader-stderr] o.s.boot.docker.compose.core.DockerCli   :  a4dcdc0137d7 Downloading 1.049MB
2026-09-09T19:35:59.844+03:00  INFO 2273 --- [utReader-stderr] o.s.boot.docker.compose.core.DockerCli   :  26c307b5e35a Downloading 1.049MB
2026-09-09T19:35:59.944+03:00  INFO 2273 --- [utReader-stderr] o.s.boot.docker.compose.core.DockerCli   :  26c307b5e35a Downloading 1.049MB
2026-09-09T19:35:59.944+03:00  INFO 2273 --- [utReader-stderr] o.s.boot.docker.compose.core.DockerCli   :  817fb2bde76e Downloading 3.146MB
2026-09-09T19:35:59.944+03:00  INFO 2273 --- [utReader-stderr] o.s.boot.docker.compose.core.DockerCli   :  4e6c52c74256 Downloading 1.049MB
2026-09-09T19:35:59.944+03:00  INFO 2273 --- [utReader-stderr] o.s.boot.docker.compose.core.DockerCli   :  130549402290 Downloading 2.097MB
2026-09-09T19:35:59.945+03:00  INFO 2273 --- [utReader-stderr] o.s.boot.docker.compose.core.DockerCli   :  a4dcdc0137d7 Downloading 1.049MB
2026-09-09T19:36:00.044+03:00  INFO 2273 --- [utReader-stderr] o.s.boot.docker.compose.core.DockerCli   :  4e6c52c74256 Downloading 1.049MB
2026-09-09T19:36:00.045+03:00  INFO 2273 --- [utReader-stderr] o.s.boot.docker.compose.core.DockerCli   :  130549402290 Downloading 2.097MB
2026-09-09T19:36:00.045+03:00  INFO 2273 --- [utReader-stderr] o.s.boot.docker.compose.core.DockerCli   :  a4dcdc0137d7 Downloading 1.049MB
2026-09-09T19:36:00.045+03:00  INFO 2273 --- [utReader-stderr] o.s.boot.docker.compose.core.DockerCli   :  26c307b5e35a Downloading 1.049MB
2026-09-09T19:36:00.045+03:00  INFO 2273 --- [utReader-stderr] o.s.boot.docker.compose.core.DockerCli   :  817fb2bde76e Downloading 3.146MB
2026-09-09T19:36:00.144+03:00  INFO 2273 --- [utReader-stderr] o.s.boot.docker.compose.core.DockerCli   :  26c307b5e35a Downloading 1.049MB
2026-09-09T19:36:00.145+03:00  INFO 2273 --- [utReader-stderr] o.s.boot.docker.compose.core.DockerCli   :  817fb2bde76e Downloading 3.146MB
2026-09-09T19:36:00.145+03:00  INFO 2273 --- [utReader-stderr] o.s.boot.docker.compose.core.DockerCli   :  4e6c52c74256 Downloading 1.049MB
2026-09-09T19:36:00.145+03:00  INFO 2273 --- [utReader-stderr] o.s.boot.docker.compose.core.DockerCli   :  130549402290 Downloading 3.146MB
2026-09-09T19:36:00.145+03:00  INFO 2273 --- [utReader-stderr] o.s.boot.docker.compose.core.DockerCli   :  a4dcdc0137d7 Downloading 1.049MB
2026-09-09T19:36:00.244+03:00  INFO 2273 --- [utReader-stderr] o.s.boot.docker.compose.core.DockerCli   :  26c307b5e35a Downloading 1.049MB
2026-09-09T19:36:00.244+03:00  INFO 2273 --- [utReader-stderr] o.s.boot.docker.compose.core.DockerCli   :  817fb2bde76e Downloading 3.146MB
2026-09-09T19:36:00.244+03:00  INFO 2273 --- [utReader-stderr] o.s.boot.docker.compose.core.DockerCli   :  4e6c52c74256 Downloading 1.049MB
2026-09-09T19:36:00.244+03:00  INFO 2273 --- [utReader-stderr] o.s.boot.docker.compose.core.DockerCli   :  130549402290 Downloading 3.146MB
2026-09-09T19:36:00.244+03:00  INFO 2273 --- [utReader-stderr] o.s.boot.docker.compose.core.DockerCli   :  a4dcdc0137d7 Downloading 1.049MB
2026-09-09T19:36:00.343+03:00  INFO 2273 --- [utReader-stderr] o.s.boot.docker.compose.core.DockerCli   :  4e6c52c74256 Downloading 1.049MB
2026-09-09T19:36:00.344+03:00  INFO 2273 --- [utReader-stderr] o.s.boot.docker.compose.core.DockerCli   :  130549402290 Downloading 3.146MB
2026-09-09T19:36:00.344+03:00  INFO 2273 --- [utReader-stderr] o.s.boot.docker.compose.core.DockerCli   :  a4dcdc0137d7 Downloading 1.049MB
2026-09-09T19:36:00.344+03:00  INFO 2273 --- [utReader-stderr] o.s.boot.docker.compose.core.DockerCli   :  26c307b5e35a Downloading 1.049MB
2026-09-09T19:36:00.344+03:00  INFO 2273 --- [utReader-stderr] o.s.boot.docker.compose.core.DockerCli   :  817fb2bde76e Downloading 3.146MB
2026-09-09T19:36:00.443+03:00  INFO 2273 --- [utReader-stderr] o.s.boot.docker.compose.core.DockerCli   :  4e6c52c74256 Downloading 2.097MB
2026-09-09T19:36:00.443+03:00  INFO 2273 --- [utReader-stderr] o.s.boot.docker.compose.core.DockerCli   :  130549402290 Downloading 3.146MB
2026-09-09T19:36:00.443+03:00  INFO 2273 --- [utReader-stderr] o.s.boot.docker.compose.core.DockerCli   :  a4dcdc0137d7 Downloading 2.097MB
2026-09-09T19:36:00.443+03:00  INFO 2273 --- [utReader-stderr] o.s.boot.docker.compose.core.DockerCli   :  26c307b5e35a Downloading 1.049MB
2026-09-09T19:36:00.443+03:00  INFO 2273 --- [utReader-stderr] o.s.boot.docker.compose.core.DockerCli   :  817fb2bde76e Downloading 3.146MB
2026-09-09T19:36:00.544+03:00  INFO 2273 --- [utReader-stderr] o.s.boot.docker.compose.core.DockerCli   :  4e6c52c74256 Downloading 2.097MB
2026-09-09T19:36:00.544+03:00  INFO 2273 --- [utReader-stderr] o.s.boot.docker.compose.core.DockerCli   :  130549402290 Downloading 3.146MB
2026-09-09T19:36:00.544+03:00  INFO 2273 --- [utReader-stderr] o.s.boot.docker.compose.core.DockerCli   :  a4dcdc0137d7 Downloading 2.097MB
2026-09-09T19:36:00.544+03:00  INFO 2273 --- [utReader-stderr] o.s.boot.docker.compose.core.DockerCli   :  26c307b5e35a Downloading 1.049MB
2026-09-09T19:36:00.544+03:00  INFO 2273 --- [utReader-stderr] o.s.boot.docker.compose.core.DockerCli   :  817fb2bde76e Downloading 3.146MB
2026-09-09T19:36:00.644+03:00  INFO 2273 --- [utReader-stderr] o.s.boot.docker.compose.core.DockerCli   :  26c307b5e35a Downloading 1.049MB
2026-09-09T19:36:00.644+03:00  INFO 2273 --- [utReader-stderr] o.s.boot.docker.compose.core.DockerCli   :  817fb2bde76e Downloading 3.146MB
2026-09-09T19:36:00.644+03:00  INFO 2273 --- [utReader-stderr] o.s.boot.docker.compose.core.DockerCli   :  4e6c52c74256 Downloading 2.097MB
2026-09-09T19:36:00.644+03:00  INFO 2273 --- [utReader-stderr] o.s.boot.docker.compose.core.DockerCli   :  130549402290 Downloading 3.146MB
2026-09-09T19:36:00.644+03:00  INFO 2273 --- [utReader-stderr] o.s.boot.docker.compose.core.DockerCli   :  a4dcdc0137d7 Downloading 2.097MB
2026-09-09T19:36:00.743+03:00  INFO 2273 --- [utReader-stderr] o.s.boot.docker.compose.core.DockerCli   :  26c307b5e35a Downloading 1.049MB
2026-09-09T19:36:00.744+03:00  INFO 2273 --- [utReader-stderr] o.s.boot.docker.compose.core.DockerCli   :  817fb2bde76e Downloading 3.146MB
2026-09-09T19:36:00.744+03:00  INFO 2273 --- [utReader-stderr] o.s.boot.docker.compose.core.DockerCli   :  4e6c52c74256 Downloading 2.097MB
2026-09-09T19:36:00.744+03:00  INFO 2273 --- [utReader-stderr] o.s.boot.docker.compose.core.DockerCli   :  130549402290 Downloading 3.146MB
2026-09-09T19:36:00.744+03:00  INFO 2273 --- [utReader-stderr] o.s.boot.docker.compose.core.DockerCli   :  a4dcdc0137d7 Downloading 2.097MB
2026-09-09T19:36:00.844+03:00  INFO 2273 --- [utReader-stderr] o.s.boot.docker.compose.core.DockerCli   :  130549402290 Downloading 3.146MB
2026-09-09T19:36:00.845+03:00  INFO 2273 --- [utReader-stderr] o.s.boot.docker.compose.core.DockerCli   :  a4dcdc0137d7 Downloading 2.097MB
2026-09-09T19:36:00.845+03:00  INFO 2273 --- [utReader-stderr] o.s.boot.docker.compose.core.DockerCli   :  26c307b5e35a Downloading 1.049MB
2026-09-09T19:36:00.845+03:00  INFO 2273 --- [utReader-stderr] o.s.boot.docker.compose.core.DockerCli   :  817fb2bde76e Downloading 3.146MB
2026-09-09T19:36:00.845+03:00  INFO 2273 --- [utReader-stderr] o.s.boot.docker.compose.core.DockerCli   :  4e6c52c74256 Downloading 2.097MB
2026-09-09T19:36:00.944+03:00  INFO 2273 --- [utReader-stderr] o.s.boot.docker.compose.core.DockerCli   :  817fb2bde76e Downloading 3.146MB
2026-09-09T19:36:00.944+03:00  INFO 2273 --- [utReader-stderr] o.s.boot.docker.compose.core.DockerCli   :  4e6c52c74256 Downloading 2.097MB
2026-09-09T19:36:00.944+03:00  INFO 2273 --- [utReader-stderr] o.s.boot.docker.compose.core.DockerCli   :  130549402290 Downloading 3.146MB
2026-09-09T19:36:00.944+03:00  INFO 2273 --- [utReader-stderr] o.s.boot.docker.compose.core.DockerCli   :  a4dcdc0137d7 Downloading 2.097MB
2026-09-09T19:36:00.944+03:00  INFO 2273 --- [utReader-stderr] o.s.boot.docker.compose.core.DockerCli   :  26c307b5e35a Downloading 2.097MB
2026-09-09T19:36:01.044+03:00  INFO 2273 --- [utReader-stderr] o.s.boot.docker.compose.core.DockerCli   :  26c307b5e35a Downloading 2.097MB
2026-09-09T19:36:01.044+03:00  INFO 2273 --- [utReader-stderr] o.s.boot.docker.compose.core.DockerCli   :  817fb2bde76e Downloading 3.146MB
2026-09-09T19:36:01.044+03:00  INFO 2273 --- [utReader-stderr] o.s.boot.docker.compose.core.DockerCli   :  4e6c52c74256 Downloading 2.097MB
2026-09-09T19:36:01.044+03:00  INFO 2273 --- [utReader-stderr] o.s.boot.docker.compose.core.DockerCli   :  130549402290 Downloading 3.146MB
2026-09-09T19:36:01.044+03:00  INFO 2273 --- [utReader-stderr] o.s.boot.docker.compose.core.DockerCli   :  a4dcdc0137d7 Downloading 2.097MB
2026-09-09T19:36:01.144+03:00  INFO 2273 --- [utReader-stderr] o.s.boot.docker.compose.core.DockerCli   :  26c307b5e35a Downloading 2.097MB
2026-09-09T19:36:01.144+03:00  INFO 2273 --- [utReader-stderr] o.s.boot.docker.compose.core.DockerCli   :  817fb2bde76e Downloading 3.146MB
2026-09-09T19:36:01.144+03:00  INFO 2273 --- [utReader-stderr] o.s.boot.docker.compose.core.DockerCli   :  4e6c52c74256 Downloading 2.097MB
2026-09-09T19:36:01.144+03:00  INFO 2273 --- [utReader-stderr] o.s.boot.docker.compose.core.DockerCli   :  130549402290 Downloading 3.146MB
2026-09-09T19:36:01.144+03:00  INFO 2273 --- [utReader-stderr] o.s.boot.docker.compose.core.DockerCli   :  a4dcdc0137d7 Downloading 2.097MB
2026-09-09T19:36:01.244+03:00  INFO 2273 --- [utReader-stderr] o.s.boot.docker.compose.core.DockerCli   :  26c307b5e35a Downloading 2.097MB
2026-09-09T19:36:01.244+03:00  INFO 2273 --- [utReader-stderr] o.s.boot.docker.compose.core.DockerCli   :  817fb2bde76e Downloading 3.146MB
2026-09-09T19:36:01.245+03:00  INFO 2273 --- [utReader-stderr] o.s.boot.docker.compose.core.DockerCli   :  4e6c52c74256 Downloading 2.097MB
2026-09-09T19:36:01.245+03:00  INFO 2273 --- [utReader-stderr] o.s.boot.docker.compose.core.DockerCli   :  130549402290 Downloading 3.146MB
2026-09-09T19:36:01.245+03:00  INFO 2273 --- [utReader-stderr] o.s.boot.docker.compose.core.DockerCli   :  a4dcdc0137d7 Downloading 2.097MB
2026-09-09T19:36:01.343+03:00  INFO 2273 --- [utReader-stderr] o.s.boot.docker.compose.core.DockerCli   :  130549402290 Downloading 3.146MB
2026-09-09T19:36:01.343+03:00  INFO 2273 --- [utReader-stderr] o.s.boot.docker.compose.core.DockerCli   :  a4dcdc0137d7 Downloading 2.097MB
2026-09-09T19:36:01.344+03:00  INFO 2273 --- [utReader-stderr] o.s.boot.docker.compose.core.DockerCli   :  26c307b5e35a Downloading 2.097MB
2026-09-09T19:36:01.344+03:00  INFO 2273 --- [utReader-stderr] o.s.boot.docker.compose.core.DockerCli   :  817fb2bde76e Downloading 3.146MB
2026-09-09T19:36:01.344+03:00  INFO 2273 --- [utReader-stderr] o.s.boot.docker.compose.core.DockerCli   :  4e6c52c74256 Downloading 2.097MB
2026-09-09T19:36:01.443+03:00  INFO 2273 --- [utReader-stderr] o.s.boot.docker.compose.core.DockerCli   :  130549402290 Downloading 3.146MB
2026-09-09T19:36:01.444+03:00  INFO 2273 --- [utReader-stderr] o.s.boot.docker.compose.core.DockerCli   :  a4dcdc0137d7 Downloading 2.097MB
2026-09-09T19:36:01.444+03:00  INFO 2273 --- [utReader-stderr] o.s.boot.docker.compose.core.DockerCli   :  26c307b5e35a Downloading 2.097MB
2026-09-09T19:36:01.444+03:00  INFO 2273 --- [utReader-stderr] o.s.boot.docker.compose.core.DockerCli   :  817fb2bde76e Downloading 3.146MB
2026-09-09T19:36:01.444+03:00  INFO 2273 --- [utReader-stderr] o.s.boot.docker.compose.core.DockerCli   :  4e6c52c74256 Downloading 2.097MB
2026-09-09T19:36:01.544+03:00  INFO 2273 --- [utReader-stderr] o.s.boot.docker.compose.core.DockerCli   :  130549402290 Downloading 3.146MB
2026-09-09T19:36:01.544+03:00  INFO 2273 --- [utReader-stderr] o.s.boot.docker.compose.core.DockerCli   :  a4dcdc0137d7 Downloading 2.097MB
2026-09-09T19:36:01.544+03:00  INFO 2273 --- [utReader-stderr] o.s.boot.docker.compose.core.DockerCli   :  26c307b5e35a Downloading 2.097MB
2026-09-09T19:36:01.544+03:00  INFO 2273 --- [utReader-stderr] o.s.boot.docker.compose.core.DockerCli   :  817fb2bde76e Downloading 3.146MB
2026-09-09T19:36:01.544+03:00  INFO 2273 --- [utReader-stderr] o.s.boot.docker.compose.core.DockerCli   :  4e6c52c74256 Downloading 2.097MB
2026-09-09T19:36:01.644+03:00  INFO 2273 --- [utReader-stderr] o.s.boot.docker.compose.core.DockerCli   :  26c307b5e35a Downloading 2.097MB
2026-09-09T19:36:01.644+03:00  INFO 2273 --- [utReader-stderr] o.s.boot.docker.compose.core.DockerCli   :  817fb2bde76e Downloading 3.146MB
2026-09-09T19:36:01.644+03:00  INFO 2273 --- [utReader-stderr] o.s.boot.docker.compose.core.DockerCli   :  4e6c52c74256 Downloading 2.097MB
2026-09-09T19:36:01.644+03:00  INFO 2273 --- [utReader-stderr] o.s.boot.docker.compose.core.DockerCli   :  130549402290 Downloading 3.146MB
2026-09-09T19:36:01.644+03:00  INFO 2273 --- [utReader-stderr] o.s.boot.docker.compose.core.DockerCli   :  a4dcdc0137d7 Downloading 2.097MB
2026-09-09T19:36:01.743+03:00  INFO 2273 --- [utReader-stderr] o.s.boot.docker.compose.core.DockerCli   :  26c307b5e35a Downloading 2.097MB
2026-09-09T19:36:01.743+03:00  INFO 2273 --- [utReader-stderr] o.s.boot.docker.compose.core.DockerCli   :  817fb2bde76e Downloading 3.146MB
2026-09-09T19:36:01.743+03:00  INFO 2273 --- [utReader-stderr] o.s.boot.docker.compose.core.DockerCli   :  4e6c52c74256 Downloading 2.097MB
2026-09-09T19:36:01.743+03:00  INFO 2273 --- [utReader-stderr] o.s.boot.docker.compose.core.DockerCli   :  130549402290 Downloading 3.146MB
2026-09-09T19:36:01.743+03:00  INFO 2273 --- [utReader-stderr] o.s.boot.docker.compose.core.DockerCli   :  a4dcdc0137d7 Downloading 2.097MB
2026-09-09T19:36:01.842+03:00  INFO 2273 --- [utReader-stderr] o.s.boot.docker.compose.core.DockerCli   :  26c307b5e35a Downloading 2.097MB
2026-09-09T19:36:01.842+03:00  INFO 2273 --- [utReader-stderr] o.s.boot.docker.compose.core.DockerCli   :  817fb2bde76e Downloading 3.146MB
2026-09-09T19:36:01.842+03:00  INFO 2273 --- [utReader-stderr] o.s.boot.docker.compose.core.DockerCli   :  4e6c52c74256 Downloading 2.097MB
2026-09-09T19:36:01.842+03:00  INFO 2273 --- [utReader-stderr] o.s.boot.docker.compose.core.DockerCli   :  130549402290 Downloading 3.146MB
2026-09-09T19:36:01.842+03:00  INFO 2273 --- [utReader-stderr] o.s.boot.docker.compose.core.DockerCli   :  a4dcdc0137d7 Downloading 2.097MB
2026-09-09T19:36:01.943+03:00  INFO 2273 --- [utReader-stderr] o.s.boot.docker.compose.core.DockerCli   :  4e6c52c74256 Downloading 2.097MB
2026-09-09T19:36:01.943+03:00  INFO 2273 --- [utReader-stderr] o.s.boot.docker.compose.core.DockerCli   :  130549402290 Downloading 3.146MB
2026-09-09T19:36:01.943+03:00  INFO 2273 --- [utReader-stderr] o.s.boot.docker.compose.core.DockerCli   :  a4dcdc0137d7 Downloading 2.097MB
2026-09-09T19:36:01.943+03:00  INFO 2273 --- [utReader-stderr] o.s.boot.docker.compose.core.DockerCli   :  26c307b5e35a Downloading 2.097MB
2026-09-09T19:36:01.943+03:00  INFO 2273 --- [utReader-stderr] o.s.boot.docker.compose.core.DockerCli   :  817fb2bde76e Downloading 3.146MB
2026-09-09T19:36:02.043+03:00  INFO 2273 --- [utReader-stderr] o.s.boot.docker.compose.core.DockerCli   :  130549402290 Downloading 3.146MB
2026-09-09T19:36:02.044+03:00  INFO 2273 --- [utReader-stderr] o.s.boot.docker.compose.core.DockerCli   :  a4dcdc0137d7 Downloading 2.097MB
2026-09-09T19:36:02.044+03:00  INFO 2273 --- [utReader-stderr] o.s.boot.docker.compose.core.DockerCli   :  26c307b5e35a Downloading 2.097MB
2026-09-09T19:36:02.044+03:00  INFO 2273 --- [utReader-stderr] o.s.boot.docker.compose.core.DockerCli   :  817fb2bde76e Downloading 3.146MB
2026-09-09T19:36:02.044+03:00  INFO 2273 --- [utReader-stderr] o.s.boot.docker.compose.core.DockerCli   :  4e6c52c74256 Downloading 2.097MB
2026-09-09T19:36:02.144+03:00  INFO 2273 --- [utReader-stderr] o.s.boot.docker.compose.core.DockerCli   :  4e6c52c74256 Downloading 2.097MB
2026-09-09T19:36:02.144+03:00  INFO 2273 --- [utReader-stderr] o.s.boot.docker.compose.core.DockerCli   :  130549402290 Downloading 3.146MB
2026-09-09T19:36:02.144+03:00  INFO 2273 --- [utReader-stderr] o.s.boot.docker.compose.core.DockerCli   :  a4dcdc0137d7 Downloading 2.097MB
2026-09-09T19:36:02.144+03:00  INFO 2273 --- [utReader-stderr] o.s.boot.docker.compose.core.DockerCli   :  26c307b5e35a Downloading 2.097MB
2026-09-09T19:36:02.144+03:00  INFO 2273 --- [utReader-stderr] o.s.boot.docker.compose.core.DockerCli   :  817fb2bde76e Downloading 3.146MB
2026-09-09T19:36:02.244+03:00  INFO 2273 --- [utReader-stderr] o.s.boot.docker.compose.core.DockerCli   :  26c307b5e35a Downloading 2.097MB
2026-09-09T19:36:02.244+03:00  INFO 2273 --- [utReader-stderr] o.s.boot.docker.compose.core.DockerCli   :  817fb2bde76e Downloading 3.146MB
2026-09-09T19:36:02.244+03:00  INFO 2273 --- [utReader-stderr] o.s.boot.docker.compose.core.DockerCli   :  4e6c52c74256 Downloading 2.097MB
2026-09-09T19:36:02.244+03:00  INFO 2273 --- [utReader-stderr] o.s.boot.docker.compose.core.DockerCli   :  130549402290 Downloading 3.146MB
2026-09-09T19:36:02.244+03:00  INFO 2273 --- [utReader-stderr] o.s.boot.docker.compose.core.DockerCli   :  a4dcdc0137d7 Downloading 2.097MB
2026-09-09T19:36:02.343+03:00  INFO 2273 --- [utReader-stderr] o.s.boot.docker.compose.core.DockerCli   :  4e6c52c74256 Downloading 2.097MB
2026-09-09T19:36:02.343+03:00  INFO 2273 --- [utReader-stderr] o.s.boot.docker.compose.core.DockerCli   :  130549402290 Downloading 3.146MB
2026-09-09T19:36:02.343+03:00  INFO 2273 --- [utReader-stderr] o.s.boot.docker.compose.core.DockerCli   :  a4dcdc0137d7 Downloading 2.097MB
2026-09-09T19:36:02.343+03:00  INFO 2273 --- [utReader-stderr] o.s.boot.docker.compose.core.DockerCli   :  26c307b5e35a Downloading 2.097MB
2026-09-09T19:36:02.343+03:00  INFO 2273 --- [utReader-stderr] o.s.boot.docker.compose.core.DockerCli   :  817fb2bde76e Downloading 3.146MB
2026-09-09T19:36:02.444+03:00  INFO 2273 --- [utReader-stderr] o.s.boot.docker.compose.core.DockerCli   :  817fb2bde76e Downloading 3.146MB
2026-09-09T19:36:02.444+03:00  INFO 2273 --- [utReader-stderr] o.s.boot.docker.compose.core.DockerCli   :  4e6c52c74256 Downloading 2.097MB
2026-09-09T19:36:02.444+03:00  INFO 2273 --- [utReader-stderr] o.s.boot.docker.compose.core.DockerCli   :  130549402290 Downloading 3.146MB
2026-09-09T19:36:02.444+03:00  INFO 2273 --- [utReader-stderr] o.s.boot.docker.compose.core.DockerCli   :  a4dcdc0137d7 Downloading 2.097MB
2026-09-09T19:36:02.444+03:00  INFO 2273 --- [utReader-stderr] o.s.boot.docker.compose.core.DockerCli   :  26c307b5e35a Downloading 2.097MB
2026-09-09T19:36:02.544+03:00  INFO 2273 --- [utReader-stderr] o.s.boot.docker.compose.core.DockerCli   :  26c307b5e35a Downloading 2.097MB
2026-09-09T19:36:02.545+03:00  INFO 2273 --- [utReader-stderr] o.s.boot.docker.compose.core.DockerCli   :  817fb2bde76e Downloading 3.146MB
2026-09-09T19:36:02.545+03:00  INFO 2273 --- [utReader-stderr] o.s.boot.docker.compose.core.DockerCli   :  4e6c52c74256 Downloading 2.097MB
2026-09-09T19:36:02.545+03:00  INFO 2273 --- [utReader-stderr] o.s.boot.docker.compose.core.DockerCli   :  130549402290 Downloading 3.146MB
2026-09-09T19:36:02.545+03:00  INFO 2273 --- [utReader-stderr] o.s.boot.docker.compose.core.DockerCli   :  a4dcdc0137d7 Downloading 2.097MB
2026-09-09T19:36:02.644+03:00  INFO 2273 --- [utReader-stderr] o.s.boot.docker.compose.core.DockerCli   :  4e6c52c74256 Downloading 2.097MB
2026-09-09T19:36:02.644+03:00  INFO 2273 --- [utReader-stderr] o.s.boot.docker.compose.core.DockerCli   :  130549402290 Downloading 3.146MB
2026-09-09T19:36:02.644+03:00  INFO 2273 --- [utReader-stderr] o.s.boot.docker.compose.core.DockerCli   :  a4dcdc0137d7 Downloading 2.097MB
2026-09-09T19:36:02.644+03:00  INFO 2273 --- [utReader-stderr] o.s.boot.docker.compose.core.DockerCli   :  26c307b5e35a Downloading 2.097MB
2026-09-09T19:36:02.644+03:00  INFO 2273 --- [utReader-stderr] o.s.boot.docker.compose.core.DockerCli   :  817fb2bde76e Downloading 3.146MB
2026-09-09T19:36:02.743+03:00  INFO 2273 --- [utReader-stderr] o.s.boot.docker.compose.core.DockerCli   :  a4dcdc0137d7 Downloading 2.097MB
2026-09-09T19:36:02.744+03:00  INFO 2273 --- [utReader-stderr] o.s.boot.docker.compose.core.DockerCli   :  26c307b5e35a Downloading 2.097MB
2026-09-09T19:36:02.744+03:00  INFO 2273 --- [utReader-stderr] o.s.boot.docker.compose.core.DockerCli   :  817fb2bde76e Downloading 3.146MB
2026-09-09T19:36:02.744+03:00  INFO 2273 --- [utReader-stderr] o.s.boot.docker.compose.core.DockerCli   :  4e6c52c74256 Downloading 2.097MB
2026-09-09T19:36:02.744+03:00  INFO 2273 --- [utReader-stderr] o.s.boot.docker.compose.core.DockerCli   :  130549402290 Downloading 3.146MB
2026-09-09T19:36:02.844+03:00  INFO 2273 --- [utReader-stderr] o.s.boot.docker.compose.core.DockerCli   :  26c307b5e35a Downloading 2.097MB
2026-09-09T19:36:02.844+03:00  INFO 2273 --- [utReader-stderr] o.s.boot.docker.compose.core.DockerCli   :  817fb2bde76e Downloading 3.146MB
2026-09-09T19:36:02.844+03:00  INFO 2273 --- [utReader-stderr] o.s.boot.docker.compose.core.DockerCli   :  4e6c52c74256 Downloading 2.097MB
2026-09-09T19:36:02.844+03:00  INFO 2273 --- [utReader-stderr] o.s.boot.docker.compose.core.DockerCli   :  130549402290 Downloading 3.146MB
2026-09-09T19:36:02.844+03:00  INFO 2273 --- [utReader-stderr] o.s.boot.docker.compose.core.DockerCli   :  a4dcdc0137d7 Downloading 2.097MB
2026-09-09T19:36:02.944+03:00  INFO 2273 --- [utReader-stderr] o.s.boot.docker.compose.core.DockerCli   :  4e6c52c74256 Downloading 2.097MB
2026-09-09T19:36:02.944+03:00  INFO 2273 --- [utReader-stderr] o.s.boot.docker.compose.core.DockerCli   :  130549402290 Downloading 3.146MB
2026-09-09T19:36:02.944+03:00  INFO 2273 --- [utReader-stderr] o.s.boot.docker.compose.core.DockerCli   :  a4dcdc0137d7 Downloading 2.097MB
2026-09-09T19:36:02.944+03:00  INFO 2273 --- [utReader-stderr] o.s.boot.docker.compose.core.DockerCli   :  26c307b5e35a Downloading 2.097MB
2026-09-09T19:36:02.944+03:00  INFO 2273 --- [utReader-stderr] o.s.boot.docker.compose.core.DockerCli   :  817fb2bde76e Downloading 3.146MB
2026-09-09T19:36:03.043+03:00  INFO 2273 --- [utReader-stderr] o.s.boot.docker.compose.core.DockerCli   :  817fb2bde76e Downloading 3.146MB
2026-09-09T19:36:03.044+03:00  INFO 2273 --- [utReader-stderr] o.s.boot.docker.compose.core.DockerCli   :  4e6c52c74256 Downloading 3.146MB
2026-09-09T19:36:03.044+03:00  INFO 2273 --- [utReader-stderr] o.s.boot.docker.compose.core.DockerCli   :  130549402290 Downloading 3.146MB
2026-09-09T19:36:03.044+03:00  INFO 2273 --- [utReader-stderr] o.s.boot.docker.compose.core.DockerCli   :  a4dcdc0137d7 Downloading 2.097MB
2026-09-09T19:36:03.044+03:00  INFO 2273 --- [utReader-stderr] o.s.boot.docker.compose.core.DockerCli   :  26c307b5e35a Downloading 2.097MB
2026-09-09T19:36:03.143+03:00  INFO 2273 --- [utReader-stderr] o.s.boot.docker.compose.core.DockerCli   :  817fb2bde76e Downloading 3.146MB
2026-09-09T19:36:03.144+03:00  INFO 2273 --- [utReader-stderr] o.s.boot.docker.compose.core.DockerCli   :  4e6c52c74256 Downloading 3.146MB
2026-09-09T19:36:03.144+03:00  INFO 2273 --- [utReader-stderr] o.s.boot.docker.compose.core.DockerCli   :  130549402290 Downloading 3.146MB
2026-09-09T19:36:03.144+03:00  INFO 2273 --- [utReader-stderr] o.s.boot.docker.compose.core.DockerCli   :  a4dcdc0137d7 Downloading 3.146MB
2026-09-09T19:36:03.144+03:00  INFO 2273 --- [utReader-stderr] o.s.boot.docker.compose.core.DockerCli   :  26c307b5e35a Downloading 2.097MB
2026-09-09T19:36:03.245+03:00  INFO 2273 --- [utReader-stderr] o.s.boot.docker.compose.core.DockerCli   :  26c307b5e35a Downloading 2.097MB
2026-09-09T19:36:03.245+03:00  INFO 2273 --- [utReader-stderr] o.s.boot.docker.compose.core.DockerCli   :  817fb2bde76e Downloading 3.146MB
2026-09-09T19:36:03.245+03:00  INFO 2273 --- [utReader-stderr] o.s.boot.docker.compose.core.DockerCli   :  4e6c52c74256 Downloading 3.146MB
2026-09-09T19:36:03.245+03:00  INFO 2273 --- [utReader-stderr] o.s.boot.docker.compose.core.DockerCli   :  130549402290 Downloading 3.146MB
2026-09-09T19:36:03.245+03:00  INFO 2273 --- [utReader-stderr] o.s.boot.docker.compose.core.DockerCli   :  a4dcdc0137d7 Downloading 3.146MB
2026-09-09T19:36:03.344+03:00  INFO 2273 --- [utReader-stderr] o.s.boot.docker.compose.core.DockerCli   :  4e6c52c74256 Downloading 3.146MB
2026-09-09T19:36:03.344+03:00  INFO 2273 --- [utReader-stderr] o.s.boot.docker.compose.core.DockerCli   :  130549402290 Downloading 3.146MB
2026-09-09T19:36:03.344+03:00  INFO 2273 --- [utReader-stderr] o.s.boot.docker.compose.core.DockerCli   :  a4dcdc0137d7 Downloading 3.146MB
2026-09-09T19:36:03.344+03:00  INFO 2273 --- [utReader-stderr] o.s.boot.docker.compose.core.DockerCli   :  26c307b5e35a Downloading 2.097MB
2026-09-09T19:36:03.344+03:00  INFO 2273 --- [utReader-stderr] o.s.boot.docker.compose.core.DockerCli   :  817fb2bde76e Downloading 3.146MB
2026-09-09T19:36:03.444+03:00  INFO 2273 --- [utReader-stderr] o.s.boot.docker.compose.core.DockerCli   :  a4dcdc0137d7 Downloading 3.146MB
2026-09-09T19:36:03.445+03:00  INFO 2273 --- [utReader-stderr] o.s.boot.docker.compose.core.DockerCli   :  26c307b5e35a Downloading 2.097MB
2026-09-09T19:36:03.445+03:00  INFO 2273 --- [utReader-stderr] o.s.boot.docker.compose.core.DockerCli   :  817fb2bde76e Downloading 3.146MB
2026-09-09T19:36:03.445+03:00  INFO 2273 --- [utReader-stderr] o.s.boot.docker.compose.core.DockerCli   :  4e6c52c74256 Downloading 3.146MB
2026-09-09T19:36:03.445+03:00  INFO 2273 --- [utReader-stderr] o.s.boot.docker.compose.core.DockerCli   :  130549402290 Downloading 3.146MB
2026-09-09T19:36:03.544+03:00  INFO 2273 --- [utReader-stderr] o.s.boot.docker.compose.core.DockerCli   :  4e6c52c74256 Downloading 3.146MB
2026-09-09T19:36:03.544+03:00  INFO 2273 --- [utReader-stderr] o.s.boot.docker.compose.core.DockerCli   :  130549402290 Downloading 3.146MB
2026-09-09T19:36:03.544+03:00  INFO 2273 --- [utReader-stderr] o.s.boot.docker.compose.core.DockerCli   :  a4dcdc0137d7 Downloading 3.146MB
2026-09-09T19:36:03.544+03:00  INFO 2273 --- [utReader-stderr] o.s.boot.docker.compose.core.DockerCli   :  26c307b5e35a Downloading 3.146MB
2026-09-09T19:36:03.544+03:00  INFO 2273 --- [utReader-stderr] o.s.boot.docker.compose.core.DockerCli   :  817fb2bde76e Downloading 3.146MB
2026-09-09T19:36:03.644+03:00  INFO 2273 --- [utReader-stderr] o.s.boot.docker.compose.core.DockerCli   :  4e6c52c74256 Downloading 3.146MB
2026-09-09T19:36:03.644+03:00  INFO 2273 --- [utReader-stderr] o.s.boot.docker.compose.core.DockerCli   :  130549402290 Downloading 3.146MB
2026-09-09T19:36:03.644+03:00  INFO 2273 --- [utReader-stderr] o.s.boot.docker.compose.core.DockerCli   :  a4dcdc0137d7 Downloading 3.146MB
2026-09-09T19:36:03.644+03:00  INFO 2273 --- [utReader-stderr] o.s.boot.docker.compose.core.DockerCli   :  26c307b5e35a Downloading 3.146MB
2026-09-09T19:36:03.644+03:00  INFO 2273 --- [utReader-stderr] o.s.boot.docker.compose.core.DockerCli   :  817fb2bde76e Downloading 3.146MB
2026-09-09T19:36:03.744+03:00  INFO 2273 --- [utReader-stderr] o.s.boot.docker.compose.core.DockerCli   :  817fb2bde76e Downloading 3.146MB
2026-09-09T19:36:03.744+03:00  INFO 2273 --- [utReader-stderr] o.s.boot.docker.compose.core.DockerCli   :  4e6c52c74256 Downloading 3.146MB
2026-09-09T19:36:03.744+03:00  INFO 2273 --- [utReader-stderr] o.s.boot.docker.compose.core.DockerCli   :  130549402290 Downloading 3.146MB
2026-09-09T19:36:03.744+03:00  INFO 2273 --- [utReader-stderr] o.s.boot.docker.compose.core.DockerCli   :  a4dcdc0137d7 Downloading 3.146MB
2026-09-09T19:36:03.744+03:00  INFO 2273 --- [utReader-stderr] o.s.boot.docker.compose.core.DockerCli   :  26c307b5e35a Downloading 3.146MB
2026-09-09T19:36:03.844+03:00  INFO 2273 --- [utReader-stderr] o.s.boot.docker.compose.core.DockerCli   :  817fb2bde76e Downloading 3.146MB
2026-09-09T19:36:03.844+03:00  INFO 2273 --- [utReader-stderr] o.s.boot.docker.compose.core.DockerCli   :  4e6c52c74256 Downloading 3.146MB
2026-09-09T19:36:03.844+03:00  INFO 2273 --- [utReader-stderr] o.s.boot.docker.compose.core.DockerCli   :  130549402290 Downloading 3.146MB
2026-09-09T19:36:03.844+03:00  INFO 2273 --- [utReader-stderr] o.s.boot.docker.compose.core.DockerCli   :  a4dcdc0137d7 Downloading 3.146MB
2026-09-09T19:36:03.844+03:00  INFO 2273 --- [utReader-stderr] o.s.boot.docker.compose.core.DockerCli   :  26c307b5e35a Downloading 3.146MB
2026-09-09T19:36:03.944+03:00  INFO 2273 --- [utReader-stderr] o.s.boot.docker.compose.core.DockerCli   :  4e6c52c74256 Downloading 3.146MB
2026-09-09T19:36:03.944+03:00  INFO 2273 --- [utReader-stderr] o.s.boot.docker.compose.core.DockerCli   :  130549402290 Downloading 3.146MB
2026-09-09T19:36:03.944+03:00  INFO 2273 --- [utReader-stderr] o.s.boot.docker.compose.core.DockerCli   :  a4dcdc0137d7 Downloading 3.146MB
2026-09-09T19:36:03.944+03:00  INFO 2273 --- [utReader-stderr] o.s.boot.docker.compose.core.DockerCli   :  26c307b5e35a Downloading 3.146MB
2026-09-09T19:36:03.944+03:00  INFO 2273 --- [utReader-stderr] o.s.boot.docker.compose.core.DockerCli   :  817fb2bde76e Downloading 3.146MB
2026-09-09T19:36:04.044+03:00  INFO 2273 --- [utReader-stderr] o.s.boot.docker.compose.core.DockerCli   :  817fb2bde76e Downloading 3.146MB
2026-09-09T19:36:04.044+03:00  INFO 2273 --- [utReader-stderr] o.s.boot.docker.compose.core.DockerCli   :  4e6c52c74256 Downloading 3.146MB
2026-09-09T19:36:04.044+03:00  INFO 2273 --- [utReader-stderr] o.s.boot.docker.compose.core.DockerCli   :  130549402290 Downloading 3.146MB
2026-09-09T19:36:04.044+03:00  INFO 2273 --- [utReader-stderr] o.s.boot.docker.compose.core.DockerCli   :  a4dcdc0137d7 Downloading 3.146MB
2026-09-09T19:36:04.044+03:00  INFO 2273 --- [utReader-stderr] o.s.boot.docker.compose.core.DockerCli   :  26c307b5e35a Downloading 3.146MB
2026-09-09T19:36:04.144+03:00  INFO 2273 --- [utReader-stderr] o.s.boot.docker.compose.core.DockerCli   :  4e6c52c74256 Downloading 3.146MB
2026-09-09T19:36:04.145+03:00  INFO 2273 --- [utReader-stderr] o.s.boot.docker.compose.core.DockerCli   :  130549402290 Downloading 3.146MB
2026-09-09T19:36:04.145+03:00  INFO 2273 --- [utReader-stderr] o.s.boot.docker.compose.core.DockerCli   :  a4dcdc0137d7 Downloading 3.146MB
2026-09-09T19:36:04.145+03:00  INFO 2273 --- [utReader-stderr] o.s.boot.docker.compose.core.DockerCli   :  26c307b5e35a Downloading 3.146MB
2026-09-09T19:36:04.145+03:00  INFO 2273 --- [utReader-stderr] o.s.boot.docker.compose.core.DockerCli   :  817fb2bde76e Downloading 3.146MB
2026-09-09T19:36:04.244+03:00  INFO 2273 --- [utReader-stderr] o.s.boot.docker.compose.core.DockerCli   :  817fb2bde76e Downloading 3.146MB
2026-09-09T19:36:04.244+03:00  INFO 2273 --- [utReader-stderr] o.s.boot.docker.compose.core.DockerCli   :  4e6c52c74256 Downloading 3.146MB
2026-09-09T19:36:04.244+03:00  INFO 2273 --- [utReader-stderr] o.s.boot.docker.compose.core.DockerCli   :  130549402290 Downloading 3.146MB
2026-09-09T19:36:04.244+03:00  INFO 2273 --- [utReader-stderr] o.s.boot.docker.compose.core.DockerCli   :  a4dcdc0137d7 Downloading 3.146MB
2026-09-09T19:36:04.244+03:00  INFO 2273 --- [utReader-stderr] o.s.boot.docker.compose.core.DockerCli   :  26c307b5e35a Downloading 3.146MB
2026-09-09T19:36:04.344+03:00  INFO 2273 --- [utReader-stderr] o.s.boot.docker.compose.core.DockerCli   :  817fb2bde76e Downloading 3.146MB
2026-09-09T19:36:04.345+03:00  INFO 2273 --- [utReader-stderr] o.s.boot.docker.compose.core.DockerCli   :  4e6c52c74256 Downloading 3.146MB
2026-09-09T19:36:04.345+03:00  INFO 2273 --- [utReader-stderr] o.s.boot.docker.compose.core.DockerCli   :  130549402290 Downloading 3.146MB
2026-09-09T19:36:04.345+03:00  INFO 2273 --- [utReader-stderr] o.s.boot.docker.compose.core.DockerCli   :  a4dcdc0137d7 Downloading 3.146MB
2026-09-09T19:36:04.345+03:00  INFO 2273 --- [utReader-stderr] o.s.boot.docker.compose.core.DockerCli   :  26c307b5e35a Downloading 3.146MB
2026-09-09T19:36:04.443+03:00  INFO 2273 --- [utReader-stderr] o.s.boot.docker.compose.core.DockerCli   :  26c307b5e35a Downloading 3.146MB
2026-09-09T19:36:04.443+03:00  INFO 2273 --- [utReader-stderr] o.s.boot.docker.compose.core.DockerCli   :  817fb2bde76e Downloading 3.146MB
2026-09-09T19:36:04.443+03:00  INFO 2273 --- [utReader-stderr] o.s.boot.docker.compose.core.DockerCli   :  4e6c52c74256 Downloading 3.146MB
2026-09-09T19:36:04.443+03:00  INFO 2273 --- [utReader-stderr] o.s.boot.docker.compose.core.DockerCli   :  130549402290 Downloading 4.194MB
2026-09-09T19:36:04.443+03:00  INFO 2273 --- [utReader-stderr] o.s.boot.docker.compose.core.DockerCli   :  a4dcdc0137d7 Downloading 3.146MB
2026-09-09T19:36:04.543+03:00  INFO 2273 --- [utReader-stderr] o.s.boot.docker.compose.core.DockerCli   :  817fb2bde76e Downloading 3.146MB
2026-09-09T19:36:04.543+03:00  INFO 2273 --- [utReader-stderr] o.s.boot.docker.compose.core.DockerCli   :  4e6c52c74256 Downloading 3.146MB
2026-09-09T19:36:04.543+03:00  INFO 2273 --- [utReader-stderr] o.s.boot.docker.compose.core.DockerCli   :  130549402290 Downloading 4.194MB
2026-09-09T19:36:04.543+03:00  INFO 2273 --- [utReader-stderr] o.s.boot.docker.compose.core.DockerCli   :  a4dcdc0137d7 Downloading 3.146MB
2026-09-09T19:36:04.543+03:00  INFO 2273 --- [utReader-stderr] o.s.boot.docker.compose.core.DockerCli   :  26c307b5e35a Downloading 3.146MB
2026-09-09T19:36:04.644+03:00  INFO 2273 --- [utReader-stderr] o.s.boot.docker.compose.core.DockerCli   :  26c307b5e35a Downloading 3.146MB
2026-09-09T19:36:04.644+03:00  INFO 2273 --- [utReader-stderr] o.s.boot.docker.compose.core.DockerCli   :  817fb2bde76e Downloading 3.146MB
2026-09-09T19:36:04.644+03:00  INFO 2273 --- [utReader-stderr] o.s.boot.docker.compose.core.DockerCli   :  4e6c52c74256 Downloading 3.146MB
2026-09-09T19:36:04.644+03:00  INFO 2273 --- [utReader-stderr] o.s.boot.docker.compose.core.DockerCli   :  130549402290 Downloading 4.194MB
2026-09-09T19:36:04.644+03:00  INFO 2273 --- [utReader-stderr] o.s.boot.docker.compose.core.DockerCli   :  a4dcdc0137d7 Downloading 3.146MB
2026-09-09T19:36:04.743+03:00  INFO 2273 --- [utReader-stderr] o.s.boot.docker.compose.core.DockerCli   :  130549402290 Downloading 4.194MB
2026-09-09T19:36:04.744+03:00  INFO 2273 --- [utReader-stderr] o.s.boot.docker.compose.core.DockerCli   :  a4dcdc0137d7 Downloading 3.146MB
2026-09-09T19:36:04.744+03:00  INFO 2273 --- [utReader-stderr] o.s.boot.docker.compose.core.DockerCli   :  26c307b5e35a Downloading 3.146MB
2026-09-09T19:36:04.744+03:00  INFO 2273 --- [utReader-stderr] o.s.boot.docker.compose.core.DockerCli   :  817fb2bde76e Downloading 3.146MB
2026-09-09T19:36:04.744+03:00  INFO 2273 --- [utReader-stderr] o.s.boot.docker.compose.core.DockerCli   :  4e6c52c74256 Downloading 3.146MB
2026-09-09T19:36:04.844+03:00  INFO 2273 --- [utReader-stderr] o.s.boot.docker.compose.core.DockerCli   :  130549402290 Downloading 4.194MB
2026-09-09T19:36:04.844+03:00  INFO 2273 --- [utReader-stderr] o.s.boot.docker.compose.core.DockerCli   :  a4dcdc0137d7 Downloading 3.146MB
2026-09-09T19:36:04.844+03:00  INFO 2273 --- [utReader-stderr] o.s.boot.docker.compose.core.DockerCli   :  26c307b5e35a Downloading 3.146MB
2026-09-09T19:36:04.844+03:00  INFO 2273 --- [utReader-stderr] o.s.boot.docker.compose.core.DockerCli   :  817fb2bde76e Downloading 4.194MB
2026-09-09T19:36:04.844+03:00  INFO 2273 --- [utReader-stderr] o.s.boot.docker.compose.core.DockerCli   :  4e6c52c74256 Downloading 3.146MB
2026-09-09T19:36:04.944+03:00  INFO 2273 --- [utReader-stderr] o.s.boot.docker.compose.core.DockerCli   :  130549402290 Downloading 4.194MB
2026-09-09T19:36:04.944+03:00  INFO 2273 --- [utReader-stderr] o.s.boot.docker.compose.core.DockerCli   :  a4dcdc0137d7 Downloading 3.146MB
2026-09-09T19:36:04.944+03:00  INFO 2273 --- [utReader-stderr] o.s.boot.docker.compose.core.DockerCli   :  26c307b5e35a Downloading 3.146MB
2026-09-09T19:36:04.944+03:00  INFO 2273 --- [utReader-stderr] o.s.boot.docker.compose.core.DockerCli   :  817fb2bde76e Downloading 4.194MB
2026-09-09T19:36:04.944+03:00  INFO 2273 --- [utReader-stderr] o.s.boot.docker.compose.core.DockerCli   :  4e6c52c74256 Downloading 3.146MB
2026-09-09T19:36:05.044+03:00  INFO 2273 --- [utReader-stderr] o.s.boot.docker.compose.core.DockerCli   :  4e6c52c74256 Downloading 3.146MB
2026-09-09T19:36:05.044+03:00  INFO 2273 --- [utReader-stderr] o.s.boot.docker.compose.core.DockerCli   :  130549402290 Downloading 4.194MB
2026-09-09T19:36:05.044+03:00  INFO 2273 --- [utReader-stderr] o.s.boot.docker.compose.core.DockerCli   :  a4dcdc0137d7 Downloading 3.146MB
2026-09-09T19:36:05.044+03:00  INFO 2273 --- [utReader-stderr] o.s.boot.docker.compose.core.DockerCli   :  26c307b5e35a Downloading 3.146MB
2026-09-09T19:36:05.044+03:00  INFO 2273 --- [utReader-stderr] o.s.boot.docker.compose.core.DockerCli   :  817fb2bde76e Downloading 4.194MB
2026-09-09T19:36:05.144+03:00  INFO 2273 --- [utReader-stderr] o.s.boot.docker.compose.core.DockerCli   :  817fb2bde76e Downloading 4.194MB
2026-09-09T19:36:05.144+03:00  INFO 2273 --- [utReader-stderr] o.s.boot.docker.compose.core.DockerCli   :  4e6c52c74256 Downloading 3.146MB
2026-09-09T19:36:05.144+03:00  INFO 2273 --- [utReader-stderr] o.s.boot.docker.compose.core.DockerCli   :  130549402290 Downloading 4.194MB
2026-09-09T19:36:05.144+03:00  INFO 2273 --- [utReader-stderr] o.s.boot.docker.compose.core.DockerCli   :  a4dcdc0137d7 Downloading 3.146MB
2026-09-09T19:36:05.144+03:00  INFO 2273 --- [utReader-stderr] o.s.boot.docker.compose.core.DockerCli   :  26c307b5e35a Downloading 3.146MB
2026-09-09T19:36:05.244+03:00  INFO 2273 --- [utReader-stderr] o.s.boot.docker.compose.core.DockerCli   :  817fb2bde76e Downloading 4.194MB
2026-09-09T19:36:05.244+03:00  INFO 2273 --- [utReader-stderr] o.s.boot.docker.compose.core.DockerCli   :  4e6c52c74256 Downloading 3.146MB
2026-09-09T19:36:05.244+03:00  INFO 2273 --- [utReader-stderr] o.s.boot.docker.compose.core.DockerCli   :  130549402290 Downloading 4.194MB
2026-09-09T19:36:05.244+03:00  INFO 2273 --- [utReader-stderr] o.s.boot.docker.compose.core.DockerCli   :  a4dcdc0137d7 Downloading 3.146MB
2026-09-09T19:36:05.244+03:00  INFO 2273 --- [utReader-stderr] o.s.boot.docker.compose.core.DockerCli   :  26c307b5e35a Downloading 3.146MB
2026-09-09T19:36:05.344+03:00  INFO 2273 --- [utReader-stderr] o.s.boot.docker.compose.core.DockerCli   :  26c307b5e35a Downloading 3.146MB
2026-09-09T19:36:05.344+03:00  INFO 2273 --- [utReader-stderr] o.s.boot.docker.compose.core.DockerCli   :  817fb2bde76e Downloading 4.194MB
2026-09-09T19:36:05.344+03:00  INFO 2273 --- [utReader-stderr] o.s.boot.docker.compose.core.DockerCli   :  4e6c52c74256 Downloading 3.146MB
2026-09-09T19:36:05.344+03:00  INFO 2273 --- [utReader-stderr] o.s.boot.docker.compose.core.DockerCli   :  130549402290 Downloading 4.194MB
2026-09-09T19:36:05.344+03:00  INFO 2273 --- [utReader-stderr] o.s.boot.docker.compose.core.DockerCli   :  a4dcdc0137d7 Downloading 3.146MB
2026-09-09T19:36:05.444+03:00  INFO 2273 --- [utReader-stderr] o.s.boot.docker.compose.core.DockerCli   :  130549402290 Downloading 4.194MB
2026-09-09T19:36:05.445+03:00  INFO 2273 --- [utReader-stderr] o.s.boot.docker.compose.core.DockerCli   :  a4dcdc0137d7 Downloading 3.146MB
2026-09-09T19:36:05.445+03:00  INFO 2273 --- [utReader-stderr] o.s.boot.docker.compose.core.DockerCli   :  26c307b5e35a Downloading 3.146MB
2026-09-09T19:36:05.445+03:00  INFO 2273 --- [utReader-stderr] o.s.boot.docker.compose.core.DockerCli   :  817fb2bde76e Downloading 4.194MB
2026-09-09T19:36:05.445+03:00  INFO 2273 --- [utReader-stderr] o.s.boot.docker.compose.core.DockerCli   :  4e6c52c74256 Downloading 3.146MB
2026-09-09T19:36:05.543+03:00  INFO 2273 --- [utReader-stderr] o.s.boot.docker.compose.core.DockerCli   :  817fb2bde76e Downloading 4.194MB
2026-09-09T19:36:05.543+03:00  INFO 2273 --- [utReader-stderr] o.s.boot.docker.compose.core.DockerCli   :  4e6c52c74256 Downloading 3.146MB
2026-09-09T19:36:05.543+03:00  INFO 2273 --- [utReader-stderr] o.s.boot.docker.compose.core.DockerCli   :  130549402290 Downloading 4.194MB
2026-09-09T19:36:05.543+03:00  INFO 2273 --- [utReader-stderr] o.s.boot.docker.compose.core.DockerCli   :  a4dcdc0137d7 Downloading 3.146MB
2026-09-09T19:36:05.543+03:00  INFO 2273 --- [utReader-stderr] o.s.boot.docker.compose.core.DockerCli   :  26c307b5e35a Downloading 3.146MB
2026-09-09T19:36:05.644+03:00  INFO 2273 --- [utReader-stderr] o.s.boot.docker.compose.core.DockerCli   :  130549402290 Downloading 4.194MB
2026-09-09T19:36:05.644+03:00  INFO 2273 --- [utReader-stderr] o.s.boot.docker.compose.core.DockerCli   :  a4dcdc0137d7 Downloading 3.146MB
2026-09-09T19:36:05.644+03:00  INFO 2273 --- [utReader-stderr] o.s.boot.docker.compose.core.DockerCli   :  26c307b5e35a Downloading 3.146MB
2026-09-09T19:36:05.644+03:00  INFO 2273 --- [utReader-stderr] o.s.boot.docker.compose.core.DockerCli   :  817fb2bde76e Downloading 4.194MB
2026-09-09T19:36:05.644+03:00  INFO 2273 --- [utReader-stderr] o.s.boot.docker.compose.core.DockerCli   :  4e6c52c74256 Downloading 3.146MB
2026-09-09T19:36:05.743+03:00  INFO 2273 --- [utReader-stderr] o.s.boot.docker.compose.core.DockerCli   :  130549402290 Downloading 4.194MB
2026-09-09T19:36:05.744+03:00  INFO 2273 --- [utReader-stderr] o.s.boot.docker.compose.core.DockerCli   :  a4dcdc0137d7 Downloading 3.146MB
2026-09-09T19:36:05.744+03:00  INFO 2273 --- [utReader-stderr] o.s.boot.docker.compose.core.DockerCli   :  26c307b5e35a Downloading 3.146MB
2026-09-09T19:36:05.744+03:00  INFO 2273 --- [utReader-stderr] o.s.boot.docker.compose.core.DockerCli   :  817fb2bde76e Downloading 4.194MB
2026-09-09T19:36:05.744+03:00  INFO 2273 --- [utReader-stderr] o.s.boot.docker.compose.core.DockerCli   :  4e6c52c74256 Downloading 3.146MB
2026-09-09T19:36:05.843+03:00  INFO 2273 --- [utReader-stderr] o.s.boot.docker.compose.core.DockerCli   :  130549402290 Downloading 4.194MB
2026-09-09T19:36:05.844+03:00  INFO 2273 --- [utReader-stderr] o.s.boot.docker.compose.core.DockerCli   :  a4dcdc0137d7 Downloading 3.146MB
2026-09-09T19:36:05.844+03:00  INFO 2273 --- [utReader-stderr] o.s.boot.docker.compose.core.DockerCli   :  26c307b5e35a Downloading 3.146MB
2026-09-09T19:36:05.844+03:00  INFO 2273 --- [utReader-stderr] o.s.boot.docker.compose.core.DockerCli   :  817fb2bde76e Downloading 4.194MB
2026-09-09T19:36:05.844+03:00  INFO 2273 --- [utReader-stderr] o.s.boot.docker.compose.core.DockerCli   :  4e6c52c74256 Downloading 3.146MB
2026-09-09T19:36:05.944+03:00  INFO 2273 --- [utReader-stderr] o.s.boot.docker.compose.core.DockerCli   :  817fb2bde76e Downloading 4.194MB
2026-09-09T19:36:05.944+03:00  INFO 2273 --- [utReader-stderr] o.s.boot.docker.compose.core.DockerCli   :  4e6c52c74256 Downloading 3.146MB
2026-09-09T19:36:05.944+03:00  INFO 2273 --- [utReader-stderr] o.s.boot.docker.compose.core.DockerCli   :  130549402290 Downloading 4.194MB
2026-09-09T19:36:05.944+03:00  INFO 2273 --- [utReader-stderr] o.s.boot.docker.compose.core.DockerCli   :  a4dcdc0137d7 Downloading 3.146MB
2026-09-09T19:36:05.944+03:00  INFO 2273 --- [utReader-stderr] o.s.boot.docker.compose.core.DockerCli   :  26c307b5e35a Downloading 3.146MB
2026-09-09T19:36:06.044+03:00  INFO 2273 --- [utReader-stderr] o.s.boot.docker.compose.core.DockerCli   :  26c307b5e35a Downloading 3.146MB
2026-09-09T19:36:06.044+03:00  INFO 2273 --- [utReader-stderr] o.s.boot.docker.compose.core.DockerCli   :  817fb2bde76e Downloading 4.194MB
2026-09-09T19:36:06.044+03:00  INFO 2273 --- [utReader-stderr] o.s.boot.docker.compose.core.DockerCli   :  4e6c52c74256 Downloading 3.146MB
2026-09-09T19:36:06.044+03:00  INFO 2273 --- [utReader-stderr] o.s.boot.docker.compose.core.DockerCli   :  130549402290 Downloading 4.194MB
2026-09-09T19:36:06.044+03:00  INFO 2273 --- [utReader-stderr] o.s.boot.docker.compose.core.DockerCli   :  a4dcdc0137d7 Downloading 3.146MB
2026-09-09T19:36:06.144+03:00  INFO 2273 --- [utReader-stderr] o.s.boot.docker.compose.core.DockerCli   :  130549402290 Downloading 4.194MB
2026-09-09T19:36:06.144+03:00  INFO 2273 --- [utReader-stderr] o.s.boot.docker.compose.core.DockerCli   :  a4dcdc0137d7 Downloading 3.146MB
2026-09-09T19:36:06.144+03:00  INFO 2273 --- [utReader-stderr] o.s.boot.docker.compose.core.DockerCli   :  26c307b5e35a Downloading 3.146MB
2026-09-09T19:36:06.144+03:00  INFO 2273 --- [utReader-stderr] o.s.boot.docker.compose.core.DockerCli   :  817fb2bde76e Downloading 4.194MB
2026-09-09T19:36:06.144+03:00  INFO 2273 --- [utReader-stderr] o.s.boot.docker.compose.core.DockerCli   :  4e6c52c74256 Downloading 4.194MB
2026-09-09T19:36:06.243+03:00  INFO 2273 --- [utReader-stderr] o.s.boot.docker.compose.core.DockerCli   :  817fb2bde76e Downloading 4.194MB
2026-09-09T19:36:06.244+03:00  INFO 2273 --- [utReader-stderr] o.s.boot.docker.compose.core.DockerCli   :  4e6c52c74256 Downloading 4.194MB
2026-09-09T19:36:06.244+03:00  INFO 2273 --- [utReader-stderr] o.s.boot.docker.compose.core.DockerCli   :  130549402290 Downloading 4.194MB
2026-09-09T19:36:06.244+03:00  INFO 2273 --- [utReader-stderr] o.s.boot.docker.compose.core.DockerCli   :  a4dcdc0137d7 Downloading 3.146MB
2026-09-09T19:36:06.244+03:00  INFO 2273 --- [utReader-stderr] o.s.boot.docker.compose.core.DockerCli   :  26c307b5e35a Downloading 3.146MB
2026-09-09T19:36:06.344+03:00  INFO 2273 --- [utReader-stderr] o.s.boot.docker.compose.core.DockerCli   :  130549402290 Downloading 4.194MB
2026-09-09T19:36:06.344+03:00  INFO 2273 --- [utReader-stderr] o.s.boot.docker.compose.core.DockerCli   :  a4dcdc0137d7 Downloading 3.146MB
2026-09-09T19:36:06.344+03:00  INFO 2273 --- [utReader-stderr] o.s.boot.docker.compose.core.DockerCli   :  26c307b5e35a Downloading 4.194MB
2026-09-09T19:36:06.344+03:00  INFO 2273 --- [utReader-stderr] o.s.boot.docker.compose.core.DockerCli   :  817fb2bde76e Downloading 4.194MB
2026-09-09T19:36:06.344+03:00  INFO 2273 --- [utReader-stderr] o.s.boot.docker.compose.core.DockerCli   :  4e6c52c74256 Downloading 4.194MB
2026-09-09T19:36:06.444+03:00  INFO 2273 --- [utReader-stderr] o.s.boot.docker.compose.core.DockerCli   :  26c307b5e35a Downloading 4.194MB
2026-09-09T19:36:06.444+03:00  INFO 2273 --- [utReader-stderr] o.s.boot.docker.compose.core.DockerCli   :  817fb2bde76e Downloading 4.194MB
2026-09-09T19:36:06.444+03:00  INFO 2273 --- [utReader-stderr] o.s.boot.docker.compose.core.DockerCli   :  4e6c52c74256 Downloading 4.194MB
2026-09-09T19:36:06.444+03:00  INFO 2273 --- [utReader-stderr] o.s.boot.docker.compose.core.DockerCli   :  130549402290 Downloading 4.194MB
2026-09-09T19:36:06.444+03:00  INFO 2273 --- [utReader-stderr] o.s.boot.docker.compose.core.DockerCli   :  a4dcdc0137d7 Downloading 4.194MB
2026-09-09T19:36:06.543+03:00  INFO 2273 --- [utReader-stderr] o.s.boot.docker.compose.core.DockerCli   :  26c307b5e35a Downloading 4.194MB
2026-09-09T19:36:06.544+03:00  INFO 2273 --- [utReader-stderr] o.s.boot.docker.compose.core.DockerCli   :  817fb2bde76e Downloading 4.194MB
2026-09-09T19:36:06.544+03:00  INFO 2273 --- [utReader-stderr] o.s.boot.docker.compose.core.DockerCli   :  4e6c52c74256 Downloading 4.194MB
[...]
2026-09-09T19:36:34.343+03:00  INFO 2273 --- [utReader-stderr] o.s.boot.docker.compose.core.DockerCli   :  4e6c52c74256 Downloading 74.45MB
2026-09-09T19:36:34.443+03:00  INFO 2273 --- [utReader-stderr] o.s.boot.docker.compose.core.DockerCli   :  4e6c52c74256 Downloading 75.5MB
2026-09-09T19:36:34.544+03:00  INFO 2273 --- [utReader-stderr] o.s.boot.docker.compose.core.DockerCli   :  4e6c52c74256 Downloading 75.5MB
2026-09-09T19:36:34.644+03:00  INFO 2273 --- [utReader-stderr] o.s.boot.docker.compose.core.DockerCli   :  4e6c52c74256 Downloading 76.55MB
2026-09-09T19:36:34.743+03:00  INFO 2273 --- [utReader-stderr] o.s.boot.docker.compose.core.DockerCli   :  4e6c52c74256 Downloading 76.55MB
2026-09-09T19:36:34.843+03:00  INFO 2273 --- [utReader-stderr] o.s.boot.docker.compose.core.DockerCli   :  4e6c52c74256 Downloading 77.59MB
2026-09-09T19:36:34.943+03:00  INFO 2273 --- [utReader-stderr] o.s.boot.docker.compose.core.DockerCli   :  4e6c52c74256 Downloading 78.64MB
2026-09-09T19:36:35.043+03:00  INFO 2273 --- [utReader-stderr] o.s.boot.docker.compose.core.DockerCli   :  4e6c52c74256 Downloading 78.64MB
2026-09-09T19:36:35.143+03:00  INFO 2273 --- [utReader-stderr] o.s.boot.docker.compose.core.DockerCli   :  4e6c52c74256 Downloading 79.69MB
2026-09-09T19:36:35.244+03:00  INFO 2273 --- [utReader-stderr] o.s.boot.docker.compose.core.DockerCli   :  4e6c52c74256 Downloading 79.69MB
2026-09-09T19:36:35.344+03:00  INFO 2273 --- [utReader-stderr] o.s.boot.docker.compose.core.DockerCli   :  4e6c52c74256 Downloading 79.69MB
2026-09-09T19:36:35.443+03:00  INFO 2273 --- [utReader-stderr] o.s.boot.docker.compose.core.DockerCli   :  4e6c52c74256 Downloading 79.69MB
2026-09-09T19:36:35.544+03:00  INFO 2273 --- [utReader-stderr] o.s.boot.docker.compose.core.DockerCli   :  4e6c52c74256 Downloading 80.74MB
2026-09-09T19:36:35.643+03:00  INFO 2273 --- [utReader-stderr] o.s.boot.docker.compose.core.DockerCli   :  4e6c52c74256 Downloading 80.74MB
2026-09-09T19:36:35.744+03:00  INFO 2273 --- [utReader-stderr] o.s.boot.docker.compose.core.DockerCli   :  4e6c52c74256 Downloading 81.79MB
2026-09-09T19:36:35.844+03:00  INFO 2273 --- [utReader-stderr] o.s.boot.docker.compose.core.DockerCli   :  4e6c52c74256 Downloading 81.79MB
2026-09-09T19:36:35.944+03:00  INFO 2273 --- [utReader-stderr] o.s.boot.docker.compose.core.DockerCli   :  4e6c52c74256 Downloading 82.84MB
2026-09-09T19:36:36.043+03:00  INFO 2273 --- [utReader-stderr] o.s.boot.docker.compose.core.DockerCli   :  4e6c52c74256 Downloading 82.84MB
2026-09-09T19:36:36.143+03:00  INFO 2273 --- [utReader-stderr] o.s.boot.docker.compose.core.DockerCli   :  4e6c52c74256 Downloading 83.89MB
2026-09-09T19:36:36.243+03:00  INFO 2273 --- [utReader-stderr] o.s.boot.docker.compose.core.DockerCli   :  4e6c52c74256 Downloading 83.89MB
2026-09-09T19:36:36.343+03:00  INFO 2273 --- [utReader-stderr] o.s.boot.docker.compose.core.DockerCli   :  4e6c52c74256 Downloading 84.93MB
2026-09-09T19:36:36.443+03:00  INFO 2273 --- [utReader-stderr] o.s.boot.docker.compose.core.DockerCli   :  4e6c52c74256 Downloading 84.93MB
2026-09-09T19:36:36.543+03:00  INFO 2273 --- [utReader-stderr] o.s.boot.docker.compose.core.DockerCli   :  4e6c52c74256 Downloading 85.98MB
2026-09-09T19:36:36.644+03:00  INFO 2273 --- [utReader-stderr] o.s.boot.docker.compose.core.DockerCli   :  4e6c52c74256 Downloading 87.03MB
2026-09-09T19:36:36.743+03:00  INFO 2273 --- [utReader-stderr] o.s.boot.docker.compose.core.DockerCli   :  4e6c52c74256 Downloading 87.03MB
2026-09-09T19:36:36.843+03:00  INFO 2273 --- [utReader-stderr] o.s.boot.docker.compose.core.DockerCli   :  4e6c52c74256 Downloading 88.08MB
2026-09-09T19:36:36.942+03:00  INFO 2273 --- [utReader-stderr] o.s.boot.docker.compose.core.DockerCli   :  4e6c52c74256 Downloading 88.08MB
2026-09-09T19:36:37.044+03:00  INFO 2273 --- [utReader-stderr] o.s.boot.docker.compose.core.DockerCli   :  4e6c52c74256 Downloading 89.13MB
2026-09-09T19:36:37.143+03:00  INFO 2273 --- [utReader-stderr] o.s.boot.docker.compose.core.DockerCli   :  4e6c52c74256 Downloading 89.13MB
2026-09-09T19:36:37.243+03:00  INFO 2273 --- [utReader-stderr] o.s.boot.docker.compose.core.DockerCli   :  4e6c52c74256 Downloading 90.18MB
2026-09-09T19:36:37.343+03:00  INFO 2273 --- [utReader-stderr] o.s.boot.docker.compose.core.DockerCli   :  4e6c52c74256 Downloading 90.18MB
2026-09-09T19:36:37.443+03:00  INFO 2273 --- [utReader-stderr] o.s.boot.docker.compose.core.DockerCli   :  4e6c52c74256 Downloading 91.23MB
2026-09-09T19:36:37.544+03:00  INFO 2273 --- [utReader-stderr] o.s.boot.docker.compose.core.DockerCli   :  4e6c52c74256 Downloading 91.23MB
2026-09-09T19:36:37.643+03:00  INFO 2273 --- [utReader-stderr] o.s.boot.docker.compose.core.DockerCli   :  4e6c52c74256 Downloading 92.27MB
2026-09-09T19:36:37.747+03:00  INFO 2273 --- [utReader-stderr] o.s.boot.docker.compose.core.DockerCli   :  4e6c52c74256 Downloading 92.27MB
2026-09-09T19:36:37.843+03:00  INFO 2273 --- [utReader-stderr] o.s.boot.docker.compose.core.DockerCli   :  4e6c52c74256 Downloading 93.32MB
2026-09-09T19:36:37.943+03:00  INFO 2273 --- [utReader-stderr] o.s.boot.docker.compose.core.DockerCli   :  4e6c52c74256 Downloading 94.37MB
2026-09-09T19:36:38.043+03:00  INFO 2273 --- [utReader-stderr] o.s.boot.docker.compose.core.DockerCli   :  4e6c52c74256 Downloading 94.37MB
2026-09-09T19:36:38.143+03:00  INFO 2273 --- [utReader-stderr] o.s.boot.docker.compose.core.DockerCli   :  4e6c52c74256 Downloading 95.42MB
2026-09-09T19:36:38.244+03:00  INFO 2273 --- [utReader-stderr] o.s.boot.docker.compose.core.DockerCli   :  4e6c52c74256 Downloading 95.42MB
2026-09-09T19:36:38.343+03:00  INFO 2273 --- [utReader-stderr] o.s.boot.docker.compose.core.DockerCli   :  4e6c52c74256 Downloading 96.47MB
2026-09-09T19:36:38.444+03:00  INFO 2273 --- [utReader-stderr] o.s.boot.docker.compose.core.DockerCli   :  4e6c52c74256 Downloading 96.47MB
2026-09-09T19:36:38.543+03:00  INFO 2273 --- [utReader-stderr] o.s.boot.docker.compose.core.DockerCli   :  4e6c52c74256 Downloading 97.52MB
2026-09-09T19:36:38.644+03:00  INFO 2273 --- [utReader-stderr] o.s.boot.docker.compose.core.DockerCli   :  4e6c52c74256 Downloading 97.52MB
2026-09-09T19:36:38.743+03:00  INFO 2273 --- [utReader-stderr] o.s.boot.docker.compose.core.DockerCli   :  4e6c52c74256 Downloading 98.57MB
2026-09-09T19:36:38.844+03:00  INFO 2273 --- [utReader-stderr] o.s.boot.docker.compose.core.DockerCli   :  4e6c52c74256 Downloading 98.57MB
2026-09-09T19:36:38.943+03:00  INFO 2273 --- [utReader-stderr] o.s.boot.docker.compose.core.DockerCli   :  4e6c52c74256 Downloading 98.57MB
2026-09-09T19:36:39.043+03:00  INFO 2273 --- [utReader-stderr] o.s.boot.docker.compose.core.DockerCli   :  4e6c52c74256 Downloading 99.61MB
2026-09-09T19:36:39.143+03:00  INFO 2273 --- [utReader-stderr] o.s.boot.docker.compose.core.DockerCli   :  4e6c52c74256 Downloading 99.61MB
2026-09-09T19:36:39.244+03:00  INFO 2273 --- [utReader-stderr] o.s.boot.docker.compose.core.DockerCli   :  4e6c52c74256 Downloading 99.61MB
2026-09-09T19:36:39.344+03:00  INFO 2273 --- [utReader-stderr] o.s.boot.docker.compose.core.DockerCli   :  4e6c52c74256 Downloading 100.7MB
2026-09-09T19:36:39.443+03:00  INFO 2273 --- [utReader-stderr] o.s.boot.docker.compose.core.DockerCli   :  4e6c52c74256 Downloading 100.7MB
2026-09-09T19:36:39.544+03:00  INFO 2273 --- [utReader-stderr] o.s.boot.docker.compose.core.DockerCli   :  4e6c52c74256 Downloading 101.7MB
2026-09-09T19:36:39.643+03:00  INFO 2273 --- [utReader-stderr] o.s.boot.docker.compose.core.DockerCli   :  4e6c52c74256 Downloading 101.7MB
2026-09-09T19:36:39.743+03:00  INFO 2273 --- [utReader-stderr] o.s.boot.docker.compose.core.DockerCli   :  4e6c52c74256 Downloading 102.8MB
2026-09-09T19:36:39.843+03:00  INFO 2273 --- [utReader-stderr] o.s.boot.docker.compose.core.DockerCli   :  4e6c52c74256 Downloading 102.8MB
2026-09-09T19:36:39.943+03:00  INFO 2273 --- [utReader-stderr] o.s.boot.docker.compose.core.DockerCli   :  4e6c52c74256 Downloading 103.8MB
2026-09-09T19:36:40.043+03:00  INFO 2273 --- [utReader-stderr] o.s.boot.docker.compose.core.DockerCli   :  4e6c52c74256 Downloading 103.8MB
2026-09-09T19:36:40.143+03:00  INFO 2273 --- [utReader-stderr] o.s.boot.docker.compose.core.DockerCli   :  4e6c52c74256 Downloading 104.9MB
2026-09-09T19:36:40.243+03:00  INFO 2273 --- [utReader-stderr] o.s.boot.docker.compose.core.DockerCli   :  4e6c52c74256 Downloading 104.9MB
2026-09-09T19:36:40.344+03:00  INFO 2273 --- [utReader-stderr] o.s.boot.docker.compose.core.DockerCli   :  4e6c52c74256 Downloading 104.9MB
2026-09-09T19:36:40.443+03:00  INFO 2273 --- [utReader-stderr] o.s.boot.docker.compose.core.DockerCli   :  4e6c52c74256 Downloading 104.9MB
2026-09-09T19:36:40.543+03:00  INFO 2273 --- [utReader-stderr] o.s.boot.docker.compose.core.DockerCli   :  4e6c52c74256 Downloading 105.9MB
2026-09-09T19:36:40.643+03:00  INFO 2273 --- [utReader-stderr] o.s.boot.docker.compose.core.DockerCli   :  4e6c52c74256 Downloading 105.9MB
2026-09-09T19:36:40.743+03:00  INFO 2273 --- [utReader-stderr] o.s.boot.docker.compose.core.DockerCli   :  4e6c52c74256 Downloading 105.9MB
2026-09-09T19:36:40.843+03:00  INFO 2273 --- [utReader-stderr] o.s.boot.docker.compose.core.DockerCli   :  4e6c52c74256 Downloading 107MB
2026-09-09T19:36:40.944+03:00  INFO 2273 --- [utReader-stderr] o.s.boot.docker.compose.core.DockerCli   :  4e6c52c74256 Downloading 107MB
2026-09-09T19:36:41.044+03:00  INFO 2273 --- [utReader-stderr] o.s.boot.docker.compose.core.DockerCli   :  4e6c52c74256 Downloading 108MB
2026-09-09T19:36:41.143+03:00  INFO 2273 --- [utReader-stderr] o.s.boot.docker.compose.core.DockerCli   :  4e6c52c74256 Downloading 108MB
2026-09-09T19:36:41.243+03:00  INFO 2273 --- [utReader-stderr] o.s.boot.docker.compose.core.DockerCli   :  4e6c52c74256 Downloading 109.1MB
2026-09-09T19:36:41.343+03:00  INFO 2273 --- [utReader-stderr] o.s.boot.docker.compose.core.DockerCli   :  4e6c52c74256 Downloading 109.1MB
2026-09-09T19:36:41.443+03:00  INFO 2273 --- [utReader-stderr] o.s.boot.docker.compose.core.DockerCli   :  4e6c52c74256 Downloading 110.1MB
2026-09-09T19:36:41.544+03:00  INFO 2273 --- [utReader-stderr] o.s.boot.docker.compose.core.DockerCli   :  4e6c52c74256 Downloading 110.1MB
2026-09-09T19:36:41.644+03:00  INFO 2273 --- [utReader-stderr] o.s.boot.docker.compose.core.DockerCli   :  4e6c52c74256 Downloading 111.1MB
2026-09-09T19:36:41.743+03:00  INFO 2273 --- [utReader-stderr] o.s.boot.docker.compose.core.DockerCli   :  4e6c52c74256 Downloading 111.1MB
2026-09-09T19:36:41.844+03:00  INFO 2273 --- [utReader-stderr] o.s.boot.docker.compose.core.DockerCli   :  4e6c52c74256 Downloading 112.2MB
2026-09-09T19:36:41.943+03:00  INFO 2273 --- [utReader-stderr] o.s.boot.docker.compose.core.DockerCli   :  4e6c52c74256 Downloading 112.2MB
2026-09-09T19:36:42.044+03:00  INFO 2273 --- [utReader-stderr] o.s.boot.docker.compose.core.DockerCli   :  4e6c52c74256 Downloading 112.2MB
2026-09-09T19:36:42.143+03:00  INFO 2273 --- [utReader-stderr] o.s.boot.docker.compose.core.DockerCli   :  4e6c52c74256 Downloading 113.2MB
2026-09-09T19:36:42.244+03:00  INFO 2273 --- [utReader-stderr] o.s.boot.docker.compose.core.DockerCli   :  4e6c52c74256 Downloading 113.2MB
2026-09-09T19:36:42.344+03:00  INFO 2273 --- [utReader-stderr] o.s.boot.docker.compose.core.DockerCli   :  4e6c52c74256 Downloading 114.3MB
2026-09-09T19:36:42.443+03:00  INFO 2273 --- [utReader-stderr] o.s.boot.docker.compose.core.DockerCli   :  4e6c52c74256 Downloading 114.3MB
2026-09-09T19:36:42.544+03:00  INFO 2273 --- [utReader-stderr] o.s.boot.docker.compose.core.DockerCli   :  4e6c52c74256 Downloading 115.3MB
2026-09-09T19:36:42.643+03:00  INFO 2273 --- [utReader-stderr] o.s.boot.docker.compose.core.DockerCli   :  4e6c52c74256 Downloading 115.3MB
2026-09-09T19:36:42.744+03:00  INFO 2273 --- [utReader-stderr] o.s.boot.docker.compose.core.DockerCli   :  4e6c52c74256 Downloading 115.3MB
2026-09-09T19:36:42.844+03:00  INFO 2273 --- [utReader-stderr] o.s.boot.docker.compose.core.DockerCli   :  4e6c52c74256 Downloading 115.3MB
2026-09-09T19:36:42.944+03:00  INFO 2273 --- [utReader-stderr] o.s.boot.docker.compose.core.DockerCli   :  4e6c52c74256 Downloading 115.3MB
2026-09-09T19:36:43.042+03:00  INFO 2273 --- [utReader-stderr] o.s.boot.docker.compose.core.DockerCli   :  4e6c52c74256 Download complete 0B
2026-09-09T19:36:43.046+03:00  INFO 2273 --- [utReader-stderr] o.s.boot.docker.compose.core.DockerCli   :  4e6c52c74256 Extracting 1B
2026-09-09T19:36:43.148+03:00  INFO 2273 --- [utReader-stderr] o.s.boot.docker.compose.core.DockerCli   :  4e6c52c74256 Extracting 1B
2026-09-09T19:36:43.248+03:00  INFO 2273 --- [utReader-stderr] o.s.boot.docker.compose.core.DockerCli   :  4e6c52c74256 Extracting 1B
2026-09-09T19:36:43.347+03:00  INFO 2273 --- [utReader-stderr] o.s.boot.docker.compose.core.DockerCli   :  4e6c52c74256 Extracting 1B
2026-09-09T19:36:43.448+03:00  INFO 2273 --- [utReader-stderr] o.s.boot.docker.compose.core.DockerCli   :  4e6c52c74256 Extracting 1B
2026-09-09T19:36:43.547+03:00  INFO 2273 --- [utReader-stderr] o.s.boot.docker.compose.core.DockerCli   :  4e6c52c74256 Extracting 1B
2026-09-09T19:36:43.646+03:00  INFO 2273 --- [utReader-stderr] o.s.boot.docker.compose.core.DockerCli   :  4e6c52c74256 Extracting 1B
2026-09-09T19:36:43.747+03:00  INFO 2273 --- [utReader-stderr] o.s.boot.docker.compose.core.DockerCli   :  4e6c52c74256 Extracting 1B
2026-09-09T19:36:43.846+03:00  INFO 2273 --- [utReader-stderr] o.s.boot.docker.compose.core.DockerCli   :  4e6c52c74256 Extracting 1B
2026-09-09T19:36:43.948+03:00  INFO 2273 --- [utReader-stderr] o.s.boot.docker.compose.core.DockerCli   :  4e6c52c74256 Extracting 1B
2026-09-09T19:36:44.047+03:00  INFO 2273 --- [utReader-stderr] o.s.boot.docker.compose.core.DockerCli   :  4e6c52c74256 Extracting 2B
2026-09-09T19:36:44.148+03:00  INFO 2273 --- [utReader-stderr] o.s.boot.docker.compose.core.DockerCli   :  4e6c52c74256 Extracting 2B
2026-09-09T19:36:44.248+03:00  INFO 2273 --- [utReader-stderr] o.s.boot.docker.compose.core.DockerCli   :  4e6c52c74256 Extracting 2B
2026-09-09T19:36:44.357+03:00  INFO 2273 --- [utReader-stderr] o.s.boot.docker.compose.core.DockerCli   :  4e6c52c74256 Pull complete 0B
2026-09-09T19:36:44.450+03:00  INFO 2273 --- [utReader-stderr] o.s.boot.docker.compose.core.DockerCli   :  f51baa0c6c0d Pull complete 0B
2026-09-09T19:36:44.451+03:00  INFO 2273 --- [utReader-stderr] o.s.boot.docker.compose.core.DockerCli   :  88bb22edda9b Pull complete 0B
2026-09-09T19:36:44.527+03:00  INFO 2273 --- [utReader-stderr] o.s.boot.docker.compose.core.DockerCli   :  f7d54729e84b Pull complete 0B
2026-09-09T19:36:44.527+03:00  INFO 2273 --- [utReader-stderr] o.s.boot.docker.compose.core.DockerCli   :  f90dd111f2e5 Pull complete 0B
2026-09-09T19:36:44.531+03:00  INFO 2273 --- [utReader-stderr] o.s.boot.docker.compose.core.DockerCli   :  Image postgres:18.4 Pulled 
2026-09-09T19:36:44.580+03:00  INFO 2273 --- [utReader-stderr] o.s.boot.docker.compose.core.DockerCli   :  Network spring-petclinic_default Creating 
2026-09-09T19:36:44.607+03:00  INFO 2273 --- [utReader-stderr] o.s.boot.docker.compose.core.DockerCli   :  Network spring-petclinic_default Created 
2026-09-09T19:36:44.608+03:00  INFO 2273 --- [utReader-stderr] o.s.boot.docker.compose.core.DockerCli   :  Container spring-petclinic-postgres-1 Creating 
2026-09-09T19:36:52.259+03:00  INFO 2273 --- [utReader-stderr] o.s.boot.docker.compose.core.DockerCli   :  Container spring-petclinic-postgres-1 Created 
2026-09-09T19:36:52.286+03:00  INFO 2273 --- [utReader-stderr] o.s.boot.docker.compose.core.DockerCli   :  Container spring-petclinic-postgres-1 Starting 
2026-09-09T19:36:52.538+03:00  INFO 2273 --- [utReader-stderr] o.s.boot.docker.compose.core.DockerCli   :  Container spring-petclinic-postgres-1 Started 
2026-09-09T19:36:52.539+03:00  INFO 2273 --- [utReader-stderr] o.s.boot.docker.compose.core.DockerCli   :  Container spring-petclinic-postgres-1 Waiting 
2026-09-09T19:36:53.042+03:00  INFO 2273 --- [utReader-stderr] o.s.boot.docker.compose.core.DockerCli   :  Container spring-petclinic-postgres-1 Healthy 
2026-09-09T19:36:55.479+03:00  INFO 2273 --- [           main] .s.d.r.c.RepositoryConfigurationDelegate : Bootstrapping Spring Data JPA repositories in DEFAULT mode.
2026-09-09T19:36:55.484+03:00  INFO 2273 --- [           main] .s.d.r.c.RepositoryConfigurationDelegate : Finished Spring Data repository scanning in 4 ms. Found 3 JPA repository interfaces.
2026-09-09T19:36:55.546+03:00  INFO 2273 --- [           main] o.s.boot.tomcat.TomcatWebServer          : Tomcat initialized with port 0 (http)
2026-09-09T19:36:55.547+03:00  INFO 2273 --- [           main] o.apache.catalina.core.StandardService   : Starting service [Tomcat]
2026-09-09T19:36:55.547+03:00  INFO 2273 --- [           main] o.apache.catalina.core.StandardEngine    : Starting Servlet engine: [Apache Tomcat/11.0.22]
2026-09-09T19:36:55.561+03:00  INFO 2273 --- [           main] b.w.c.s.WebApplicationContextInitializer : Root WebApplicationContext: initialization completed in 180 ms
2026-09-09T19:36:55.603+03:00  INFO 2273 --- [           main] com.zaxxer.hikari.HikariDataSource       : HikariPool-4 - Starting...
2026-09-09T19:36:55.774+03:00  INFO 2273 --- [           main] com.zaxxer.hikari.pool.HikariPool        : HikariPool-4 - Added connection org.postgresql.jdbc.PgConnection@14103354
2026-09-09T19:36:55.774+03:00  INFO 2273 --- [           main] com.zaxxer.hikari.HikariDataSource       : HikariPool-4 - Start completed.
2026-09-09T19:36:55.963+03:00  INFO 2273 --- [           main] org.hibernate.orm.jpa                    : HHH008540: Processing PersistenceUnitInfo [name: default]
2026-09-09T19:36:55.976+03:00  INFO 2273 --- [           main] o.s.o.j.p.SpringPersistenceUnitInfo      : No LoadTimeWeaver setup: ignoring JPA class transformer
2026-09-09T19:36:55.992+03:00  INFO 2273 --- [           main] org.hibernate.orm.connections.pooling    : HHH10001005: Database info:
	Database JDBC URL [jdbc:postgresql://127.0.0.1:5432/petclinic]
	Database driver: PostgreSQL JDBC Driver
	Database dialect: PostgreSQLDialect
	Database version: 18.4
	Default catalog/schema: petclinic/public
	Autocommit mode: undefined/unknown
	Isolation level: READ_COMMITTED [default READ_COMMITTED]
	JDBC fetch size: none
	Pool: DataSourceConnectionProvider
	Minimum pool size: undefined/unknown
	Maximum pool size: undefined/unknown
2026-09-09T19:36:56.085+03:00  INFO 2273 --- [           main] org.hibernate.orm.core                   : HHH000489: No JTA platform available (set 'hibernate.transaction.jta.platform' to enable JTA platform integration)
2026-09-09T19:36:56.086+03:00  INFO 2273 --- [           main] j.LocalContainerEntityManagerFactoryBean : Initialized JPA EntityManagerFactory for persistence unit 'default'
2026-09-09T19:36:56.259+03:00  INFO 2273 --- [           main] o.s.b.a.e.web.EndpointLinksResolver      : Exposing 13 endpoints beneath base path '/actuator'
2026-09-09T19:36:56.279+03:00  INFO 2273 --- [           main] o.s.boot.tomcat.TomcatWebServer          : Tomcat started on port 34987 (http) with context path '/'
2026-09-09T19:36:56.281+03:00  INFO 2273 --- [           main] o.s.s.p.PostgresIntegrationTests         : Started PostgresIntegrationTests in 67.917 seconds (process running for 220.554)
]]></system-out>
  </testcase>
  <testcase name="ownerDetails" classname="org.springframework.samples.petclinic.PostgresIntegrationTests" time="0.051">
    <system-out><![CDATA[2026-09-09T19:36:56.321+03:00  INFO 2273 --- [o-auto-3-exec-1] o.a.c.c.C.[Tomcat-2].[localhost].[/]     : Initializing Spring DispatcherServlet 'dispatcherServlet'
2026-09-09T19:36:56.322+03:00  INFO 2273 --- [o-auto-3-exec-1] o.s.web.servlet.DispatcherServlet        : Initializing Servlet 'dispatcherServlet'
2026-09-09T19:36:56.323+03:00  INFO 2273 --- [o-auto-3-exec-1] o.s.web.servlet.DispatcherServlet        : Completed initialization in 1 ms
]]></system-out>
  </testcase>
</testsuite>